2019-01-16-23-03-09  Notice   Starting Nancy on http://localhost:8888
2019-01-16-23-03-21  Notice   Application started
2019-01-16-23-03-21  Notice   Running mailing task
2019-01-16-23-03-21  Notice   Mailing task complete
2019-01-16-23-03-21  Notice   Running billing task
2019-01-16-23-03-23  Notice   Billing process modified Sarah Cook: Created bill 20190116M0000002 for Sarah Cook in Piratenpartei Zentralschweiz
2019-01-16-23-03-24  Notice   Billing process modified Jacob J. Howard: Created bill 20190116M0000003 for Jacob J. Howard in Piratenpartei Zentralschweiz
2019-01-16-23-03-25  Notice   Billing process modified Laura Long: Created bill 20190116M0000004 for Laura Long in Piratenpartei Zentralschweiz
2019-01-16-23-03-26  Notice   Billing process modified Amy E. S. Watson: Created bill 20190116M0000005 for Amy E. S. Watson in Piratenpartei Zentralschweiz
2019-01-16-23-03-27  Notice   Billing process modified Nancy Gonzales: Created bill 20190116M0000006 for Nancy Gonzales in Piratenpartei Zentralschweiz
2019-01-16-23-03-27  Notice   Billing task complete
2019-01-16-23-03-27  Notice   Running mailing task
2019-01-16-23-03-27  Verbose  Sending message to "Sarah Cook" <stefan+sarah.cook@savvy.ch>
2019-01-16-23-03-27  Verbose  Connected to mail server mail.savvy.ch:587
2019-01-16-23-03-28  Info     Message sent to "Sarah Cook" <stefan+sarah.cook@savvy.ch>
2019-01-16-23-03-28  Notice   Billing process modified Sarah Cook: Sent bill 20190116M0000002 to Sarah Cook
2019-01-16-23-03-28  Verbose  Sending message to "Jacob J. Howard" <stefan+jacob.howard@savvy.ch>
2019-01-16-23-03-28  Verbose  Connected to mail server mail.savvy.ch:587
2019-01-16-23-03-28  Info     Message sent to "Jacob J. Howard" <stefan+jacob.howard@savvy.ch>
2019-01-16-23-03-28  Notice   Billing process modified Jacob J. Howard: Sent bill 20190116M0000003 to Jacob J. Howard
2019-01-16-23-03-28  Verbose  Sending message to "Laura Long" <stefan+laura.long@savvy.ch>
2019-01-16-23-03-28  Verbose  Connected to mail server mail.savvy.ch:587
2019-01-16-23-03-28  Info     Message sent to "Laura Long" <stefan+laura.long@savvy.ch>
2019-01-16-23-03-28  Notice   Billing process modified Laura Long: Sent bill 20190116M0000004 to Laura Long
2019-01-16-23-03-28  Verbose  Sending message to "Amy E. S. Watson" <stefan+amy.watson@savvy.ch>
2019-01-16-23-03-28  Verbose  Connected to mail server mail.savvy.ch:587
2019-01-16-23-03-28  Info     Message sent to "Amy E. S. Watson" <stefan+amy.watson@savvy.ch>
2019-01-16-23-03-28  Notice   Billing process modified Amy E. S. Watson: Sent bill 20190116M0000005 to Amy E. S. Watson
2019-01-16-23-03-28  Verbose  Sending message to "Nancy Gonzales" <stefan+nancy.gonzales@savvy.ch>
2019-01-16-23-03-28  Verbose  Connected to mail server mail.savvy.ch:587
2019-01-16-23-03-28  Info     Message sent to "Nancy Gonzales" <stefan+nancy.gonzales@savvy.ch>
2019-01-16-23-03-28  Notice   Billing process modified Nancy Gonzales: Sent bill 20190116M0000006 to Nancy Gonzales
2019-01-16-23-03-28  Notice   Mailing task complete
