2018-12-28-23-27-47  Notice   beforeswitch source
2018-12-28-23-27-47  Notice   6850c975-60c1-44e8-a872-0739a77d811a
2018-12-28-23-27-47  Notice   Sennweg 22
2018-12-28-23-27-55  Notice   False
2018-12-28-23-27-55  Notice   False
2018-12-28-23-27-59  Notice   False
2018-12-28-23-27-59  Notice   False
2018-12-28-23-27-59  Notice   24dc460c-ffb7-4ab1-b2e1-0e3113d2aad5
2018-12-28-23-27-59  Notice   Teststrasse 77
2018-12-28-23-28-10  Notice   False
2018-12-28-23-28-10  Notice   True
2018-12-28-23-28-10  Notice   False
2018-12-28-23-28-10  Notice   True
2018-12-28-23-28-10  Notice   beforeswitch target
2018-12-28-23-28-10  Notice   6850c975-60c1-44e8-a872-0739a77d811a
2018-12-28-23-28-10  Notice   Sennweg 22
2018-12-28-23-28-10  Notice   False
2018-12-28-23-28-10  Notice   True
2018-12-28-23-28-10  Notice   False
2018-12-28-23-28-10  Notice   True
2018-12-28-23-28-10  Notice   24dc460c-ffb7-4ab1-b2e1-0e3113d2aad5
2018-12-28-23-28-10  Notice   Teststrasse 77
2018-12-28-23-28-10  Notice   False
2018-12-28-23-28-10  Notice   False
2018-12-28-23-28-10  Notice   False
2018-12-28-23-28-10  Notice   False
2018-12-28-23-28-10  Notice   preswitch
2018-12-28-23-28-10  Notice   Teststrasse 77, 1337 Root, Schweiz : Sarah Cook
2018-12-28-23-28-10  Notice   Sennweg 22, 7500 St. Moritz, Schweiz : Sarah Cook
2018-12-28-23-28-10  Notice   postswitch
2018-12-28-23-28-10  Notice   Teststrasse 77, 1337 Root, Schweiz : Sarah Cook
2018-12-28-23-28-10  Notice   Sennweg 22, 7500 St. Moritz, Schweiz : Sarah Cook
2018-12-28-23-28-10  Notice   afterswitch
2018-12-28-23-28-10  Notice   Sennweg 22, 7500 St. Moritz, Schweiz : Sarah Cook
