2019-01-16-22-14-56  Notice   Starting Nancy on http://localhost:8888
2019-01-16-22-15-07  Notice   Application started
2019-01-16-22-15-07  Notice   Running mailing task
2019-01-16-22-15-07  Notice   Mailing task complete
2019-01-16-22-15-07  Notice   Running billing task
2019-01-16-22-15-11  Notice   Billing process modified Angela Richardson: Created bill 20190116M0000122 for Angela Richardson in Piratenpartei Zentralschweiz
2019-01-16-22-15-12  Notice   Billing process modified Paul Campbell: Created bill 20190116M0000123 for Paul Campbell in Piratenpartei Zentralschweiz
2019-01-16-22-15-13  Notice   Billing process modified Michelle E. Howard: Created bill 20190116M0000124 for Michelle E. Howard in Piratenpartei Zentralschweiz
2019-01-16-22-15-15  Notice   Billing process modified Eric R. B. Foster: Created bill 20190116M0000125 for Eric R. B. Foster in Piratenpartei Zentralschweiz
2019-01-16-22-15-16  Notice   Billing process modified Mary H. S. Perry: Created bill 20190116M0000126 for Mary H. S. Perry in Piratenpartei Zentralschweiz
2019-01-16-22-15-16  Notice   Billing task complete
2019-01-16-22-22-31  Notice   Running mailing task
2019-01-16-22-22-38  Notice   No bill sending template for Quaestur.MultiLanguageString in Quaestur.MultiLanguageString at level 1
2019-01-16-22-22-40  Notice   No bill sending template for Quaestur.MultiLanguageString in Quaestur.MultiLanguageString at level 1
2019-01-16-22-22-40  Notice   No bill sending template for Quaestur.MultiLanguageString in Quaestur.MultiLanguageString at level 1
2019-01-16-22-22-41  Notice   No bill sending template for Quaestur.MultiLanguageString in Quaestur.MultiLanguageString at level 1
2019-01-16-22-22-41  Notice   No bill sending template for Quaestur.MultiLanguageString in Quaestur.MultiLanguageString at level 1
2019-01-16-22-22-41  Notice   Mailing task complete
2019-01-16-22-22-42  Notice   Running mailing task
2019-01-16-22-22-42  Notice   Mailing task complete
2019-01-16-22-22-42  Notice   Running billing task
2019-01-16-22-22-46  Notice   Billing process modified Joshua Lopez: Created bill 20190116M0000127 for Joshua Lopez in Piratenpartei Zentralschweiz
2019-01-16-22-22-47  Notice   Billing process modified Sarah Price: Created bill 20190116M0000128 for Sarah Price in Piratenpartei Zentralschweiz
2019-01-16-22-22-48  Notice   Billing process modified Elizabeth E. Long: Created bill 20190116M0000129 for Elizabeth E. Long in Piratenpartei Zentralschweiz
