2019-01-20-02-35-11  Notice   Starting Nancy on http://localhost:8888
2019-01-20-02-35-22  Notice   Application started
2019-01-20-02-35-22  Notice   Running mailing task
2019-01-20-02-35-22  Notice   Mailing task complete
2019-01-20-02-35-22  Notice   Running billing task
2019-01-20-02-35-27  Notice   Billing task complete
2019-01-20-02-35-27  Notice   Running mailing task
2019-01-20-02-35-28  Notice   Mailing task complete
2019-01-20-02-35-28  Notice   Login Process modified admin: Login with password succeeded
2019-01-20-02-35-54  Notice   admin modified admin: Logged in with two-factor authentication
2019-01-20-02-39-50  Notice   admin modified admin: Showed two-factor authentication secret
2019-01-20-02-40-23  Notice   Running mailing task
2019-01-20-02-40-23  Notice   Mailing task complete
2019-01-20-02-40-23  Notice   Running billing task
2019-01-20-02-40-28  Notice   Billing task complete
2019-01-20-02-40-28  Notice   Running mailing task
2019-01-20-02-40-29  Verbose  Sending message to "Edward W. Powell" <stefan+edward.powell@savvy.ch>
2019-01-20-02-40-29  Verbose  Connected to mail server mail.savvy.ch:587
2019-01-20-02-40-30  Info     Message sent to "Edward W. Powell" <stefan+edward.powell@savvy.ch>
2019-01-20-02-40-30  Notice   Billing process modified Edward W. Powell: Sent bill 20190117M0000008 using template L1G by e-mail to stefan+edward.powell@savvy.ch
2019-01-20-02-40-30  Verbose  Sending message to "Nicole L. J. Peterson" <stefan+nicole.peterson@savvy.ch>
2019-01-20-02-40-30  Verbose  Connected to mail server mail.savvy.ch:587
2019-01-20-02-40-30  Info     Message sent to "Nicole L. J. Peterson" <stefan+nicole.peterson@savvy.ch>
2019-01-20-02-40-30  Notice   Billing process modified Nicole L. J. Peterson: Sent bill 20190117M0000009 using template L1G by e-mail to stefan+nicole.peterson@savvy.ch
2019-01-20-02-40-30  Verbose  Sending message to "Cynthia L. Murphy" <stefan+cynthia.murphy@savvy.ch>
2019-01-20-02-40-30  Verbose  Connected to mail server mail.savvy.ch:587
2019-01-20-02-40-31  Info     Message sent to "Cynthia L. Murphy" <stefan+cynthia.murphy@savvy.ch>
2019-01-20-02-40-31  Notice   Billing process modified Cynthia L. Murphy: Sent bill 20190117M0000010 using template L1G by e-mail to stefan+cynthia.murphy@savvy.ch
2019-01-20-02-40-31  Verbose  Sending message to "Charles G. D. Lopez" <stefan+charles.lopez@savvy.ch>
2019-01-20-02-40-31  Verbose  Connected to mail server mail.savvy.ch:587
2019-01-20-02-40-31  Info     Message sent to "Charles G. D. Lopez" <stefan+charles.lopez@savvy.ch>
2019-01-20-02-40-31  Notice   Billing process modified Charles G. D. Lopez: Sent bill 20190117M0000011 using template L1G by e-mail to stefan+charles.lopez@savvy.ch
2019-01-20-02-40-31  Notice   Mailing task complete
2019-01-20-02-41-42  Notice   admin modified admin: Showed two-factor authentication secret
