2019-01-12-23-19-52  Notice   Starting Nancy on http://localhost:8888
2019-01-12-23-20-04  Notice   Application started
2019-01-12-23-20-04  Notice   Running mailing task
2019-01-12-23-20-04  Notice   Mailing task complete
2019-01-12-23-20-08  Notice   User admin id 0970bd76-6eb6-4254-9724-8fb75a2bbf42 logged in.
2019-01-12-23-20-21  Notice   admin modified Kenneth Alexander: Change membership in Piratenpartei Zentralschweiz
2019-01-12-23-20-25  Notice   admin modified Kenneth Alexander: Change membership in Piratenpartei Zentralschweiz
2019-01-12-23-25-04  Notice   Running mailing task
2019-01-12-23-25-04  Notice   Mailing task complete
2019-01-12-23-30-04  Notice   Running mailing task
2019-01-12-23-30-04  Notice   Mailing task complete
2019-01-12-23-35-04  Notice   Running mailing task
2019-01-12-23-35-04  Notice   Mailing task complete
2019-01-12-23-40-04  Notice   Running mailing task
2019-01-12-23-40-04  Notice   Mailing task complete
2019-01-12-23-45-04  Notice   Running mailing task
2019-01-12-23-45-04  Notice   Mailing task complete
2019-01-12-23-50-04  Notice   Running mailing task
2019-01-12-23-50-04  Notice   Mailing task complete
2019-01-12-23-55-04  Notice   Running mailing task
2019-01-12-23-55-04  Notice   Mailing task complete
2019-01-13-00-00-04  Notice   Running mailing task
2019-01-13-00-00-04  Notice   Mailing task complete
2019-01-13-00-05-04  Notice   Running mailing task
2019-01-13-00-05-04  Notice   Mailing task complete
2019-01-13-00-10-04  Notice   Running mailing task
2019-01-13-00-10-04  Notice   Mailing task complete
2019-01-13-00-15-04  Notice   Running mailing task
2019-01-13-00-15-04  Notice   Mailing task complete
2019-01-13-00-20-04  Notice   Running mailing task
2019-01-13-00-20-04  Notice   Mailing task complete
2019-01-13-00-25-04  Notice   Running mailing task
2019-01-13-00-25-04  Notice   Mailing task complete
2019-01-13-00-30-04  Notice   Running mailing task
2019-01-13-00-30-04  Notice   Mailing task complete
2019-01-13-00-35-04  Notice   Running mailing task
2019-01-13-00-35-04  Notice   Mailing task complete
2019-01-13-00-40-05  Notice   Running mailing task
2019-01-13-00-40-05  Notice   Mailing task complete
2019-01-13-00-45-05  Notice   Running mailing task
2019-01-13-00-45-05  Notice   Mailing task complete
2019-01-13-00-50-05  Notice   Running mailing task
2019-01-13-00-50-05  Notice   Mailing task complete
2019-01-13-00-55-05  Notice   Running mailing task
2019-01-13-00-55-05  Notice   Mailing task complete
2019-01-13-01-00-05  Notice   Running mailing task
2019-01-13-01-00-05  Notice   Mailing task complete
2019-01-13-01-05-05  Notice   Running mailing task
2019-01-13-01-05-05  Notice   Mailing task complete
2019-01-13-01-10-05  Notice   Running mailing task
2019-01-13-01-10-05  Notice   Mailing task complete
2019-01-13-01-15-05  Notice   Running mailing task
2019-01-13-01-15-05  Notice   Mailing task complete
2019-01-13-01-20-05  Notice   Running mailing task
2019-01-13-01-20-05  Notice   Mailing task complete
2019-01-13-01-25-05  Notice   Running mailing task
2019-01-13-01-25-05  Notice   Mailing task complete
2019-01-13-01-30-05  Notice   Running mailing task
2019-01-13-01-30-05  Notice   Mailing task complete
2019-01-13-01-35-05  Notice   Running mailing task
2019-01-13-01-35-05  Notice   Mailing task complete
2019-01-13-01-40-05  Notice   Running mailing task
2019-01-13-01-40-05  Notice   Mailing task complete
2019-01-13-01-45-05  Notice   Running mailing task
2019-01-13-01-45-05  Notice   Mailing task complete
2019-01-13-01-50-05  Notice   Running mailing task
2019-01-13-01-50-05  Notice   Mailing task complete
2019-01-13-01-55-05  Notice   Running mailing task
2019-01-13-01-55-05  Notice   Mailing task complete
2019-01-13-02-00-05  Notice   Running mailing task
2019-01-13-02-00-05  Notice   Mailing task complete
2019-01-13-02-05-05  Notice   Running mailing task
2019-01-13-02-05-05  Notice   Mailing task complete
2019-01-13-02-10-05  Notice   Running mailing task
2019-01-13-02-10-05  Notice   Mailing task complete
2019-01-13-02-15-05  Notice   Running mailing task
2019-01-13-02-15-05  Notice   Mailing task complete
2019-01-13-02-20-05  Notice   Running mailing task
2019-01-13-02-20-05  Notice   Mailing task complete
2019-01-13-02-25-05  Notice   Running mailing task
2019-01-13-02-25-05  Notice   Mailing task complete
2019-01-13-02-30-05  Notice   Running mailing task
2019-01-13-02-30-05  Notice   Mailing task complete
2019-01-13-02-35-06  Notice   Running mailing task
2019-01-13-02-35-06  Notice   Mailing task complete
2019-01-13-02-40-06  Notice   Running mailing task
2019-01-13-02-40-06  Notice   Mailing task complete
2019-01-13-02-45-06  Notice   Running mailing task
2019-01-13-02-45-06  Notice   Mailing task complete
2019-01-13-02-50-06  Notice   Running mailing task
2019-01-13-02-50-06  Notice   Mailing task complete
2019-01-13-02-55-06  Notice   Running mailing task
2019-01-13-02-55-06  Notice   Mailing task complete
2019-01-13-03-00-06  Notice   Running mailing task
2019-01-13-03-00-06  Notice   Mailing task complete
2019-01-13-03-05-06  Notice   Running mailing task
2019-01-13-03-05-06  Notice   Mailing task complete
2019-01-13-03-10-06  Notice   Running mailing task
2019-01-13-03-10-06  Notice   Mailing task complete
2019-01-13-03-15-06  Notice   Running mailing task
2019-01-13-03-15-06  Notice   Mailing task complete
2019-01-13-03-20-06  Notice   Running mailing task
2019-01-13-03-20-06  Notice   Mailing task complete
2019-01-13-03-25-06  Notice   Running mailing task
2019-01-13-03-25-06  Notice   Mailing task complete
2019-01-13-03-30-06  Notice   Running mailing task
2019-01-13-03-30-06  Notice   Mailing task complete
2019-01-13-03-35-06  Notice   Running mailing task
2019-01-13-03-35-06  Notice   Mailing task complete
2019-01-13-03-40-06  Notice   Running mailing task
2019-01-13-03-40-06  Notice   Mailing task complete
2019-01-13-03-45-06  Notice   Running mailing task
2019-01-13-03-45-06  Notice   Mailing task complete
2019-01-13-03-50-06  Notice   Running mailing task
2019-01-13-03-50-06  Notice   Mailing task complete
2019-01-13-03-55-06  Notice   Running mailing task
2019-01-13-03-55-06  Notice   Mailing task complete
2019-01-13-04-00-06  Notice   Running mailing task
2019-01-13-04-00-06  Notice   Mailing task complete
2019-01-13-04-05-06  Notice   Running mailing task
2019-01-13-04-05-06  Notice   Mailing task complete
2019-01-13-04-10-06  Notice   Running mailing task
2019-01-13-04-10-06  Notice   Mailing task complete
2019-01-13-04-15-06  Notice   Running mailing task
2019-01-13-04-15-06  Notice   Mailing task complete
2019-01-13-04-20-06  Notice   Running mailing task
2019-01-13-04-20-06  Notice   Mailing task complete
2019-01-13-04-25-06  Notice   Running mailing task
2019-01-13-04-25-06  Notice   Mailing task complete
2019-01-13-04-30-06  Notice   Running mailing task
2019-01-13-04-30-06  Notice   Mailing task complete
2019-01-13-04-35-07  Notice   Running mailing task
2019-01-13-04-35-07  Notice   Mailing task complete
2019-01-13-04-40-07  Notice   Running mailing task
2019-01-13-04-40-07  Notice   Mailing task complete
2019-01-13-04-45-07  Notice   Running mailing task
2019-01-13-04-45-07  Notice   Mailing task complete
2019-01-13-04-50-07  Notice   Running mailing task
2019-01-13-04-50-07  Notice   Mailing task complete
2019-01-13-04-55-07  Notice   Running mailing task
2019-01-13-04-55-07  Notice   Mailing task complete
2019-01-13-05-00-07  Notice   Running mailing task
2019-01-13-05-00-07  Notice   Mailing task complete
2019-01-13-05-05-07  Notice   Running mailing task
2019-01-13-05-05-07  Notice   Mailing task complete
2019-01-13-05-10-07  Notice   Running mailing task
2019-01-13-05-10-07  Notice   Mailing task complete
2019-01-13-05-15-07  Notice   Running mailing task
2019-01-13-05-15-07  Notice   Mailing task complete
2019-01-13-05-20-07  Notice   Running mailing task
2019-01-13-05-20-07  Notice   Mailing task complete
2019-01-13-05-25-07  Notice   Running mailing task
2019-01-13-05-25-07  Notice   Mailing task complete
2019-01-13-05-30-07  Notice   Running mailing task
2019-01-13-05-30-07  Notice   Mailing task complete
2019-01-13-05-35-07  Notice   Running mailing task
2019-01-13-05-35-07  Notice   Mailing task complete
2019-01-13-05-40-07  Notice   Running mailing task
2019-01-13-05-40-07  Notice   Mailing task complete
2019-01-13-05-45-07  Notice   Running mailing task
2019-01-13-05-45-07  Notice   Mailing task complete
2019-01-13-05-50-07  Notice   Running mailing task
2019-01-13-05-50-07  Notice   Mailing task complete
2019-01-13-05-55-07  Notice   Running mailing task
2019-01-13-05-55-07  Notice   Mailing task complete
2019-01-13-06-00-07  Notice   Running mailing task
2019-01-13-06-00-07  Notice   Mailing task complete
2019-01-13-06-05-07  Notice   Running mailing task
2019-01-13-06-05-07  Notice   Mailing task complete
2019-01-13-06-10-07  Notice   Running mailing task
2019-01-13-06-10-07  Notice   Mailing task complete
2019-01-13-06-15-07  Notice   Running mailing task
2019-01-13-06-15-07  Notice   Mailing task complete
2019-01-13-06-20-07  Notice   Running mailing task
2019-01-13-06-20-07  Notice   Mailing task complete
2019-01-13-06-25-07  Notice   Running mailing task
2019-01-13-06-25-07  Notice   Mailing task complete
2019-01-13-06-30-07  Notice   Running mailing task
2019-01-13-06-30-07  Notice   Mailing task complete
2019-01-13-06-35-08  Notice   Running mailing task
2019-01-13-06-35-08  Notice   Mailing task complete
2019-01-13-06-40-08  Notice   Running mailing task
2019-01-13-06-40-08  Notice   Mailing task complete
2019-01-13-06-45-08  Notice   Running mailing task
2019-01-13-06-45-08  Notice   Mailing task complete
2019-01-13-06-50-08  Notice   Running mailing task
2019-01-13-06-50-08  Notice   Mailing task complete
2019-01-13-06-55-08  Notice   Running mailing task
2019-01-13-06-55-08  Notice   Mailing task complete
2019-01-13-07-00-08  Notice   Running mailing task
2019-01-13-07-00-08  Notice   Mailing task complete
2019-01-13-07-05-08  Notice   Running mailing task
2019-01-13-07-05-08  Notice   Mailing task complete
2019-01-13-07-10-08  Notice   Running mailing task
2019-01-13-07-10-08  Notice   Mailing task complete
2019-01-13-07-15-08  Notice   Running mailing task
2019-01-13-07-15-08  Notice   Mailing task complete
2019-01-13-07-20-08  Notice   Running mailing task
2019-01-13-07-20-08  Notice   Mailing task complete
2019-01-13-07-25-08  Notice   Running mailing task
2019-01-13-07-25-08  Notice   Mailing task complete
2019-01-13-07-30-08  Notice   Running mailing task
2019-01-13-07-30-08  Notice   Mailing task complete
2019-01-13-07-35-08  Notice   Running mailing task
2019-01-13-07-35-08  Notice   Mailing task complete
2019-01-13-07-40-08  Notice   Running mailing task
2019-01-13-07-40-08  Notice   Mailing task complete
2019-01-13-07-45-08  Notice   Running mailing task
2019-01-13-07-45-08  Notice   Mailing task complete
2019-01-13-07-50-08  Notice   Running mailing task
2019-01-13-07-50-08  Notice   Mailing task complete
2019-01-13-07-55-08  Notice   Running mailing task
2019-01-13-07-55-08  Notice   Mailing task complete
2019-01-13-08-00-08  Notice   Running mailing task
2019-01-13-08-00-08  Notice   Mailing task complete
2019-01-13-08-05-08  Notice   Running mailing task
2019-01-13-08-05-08  Notice   Mailing task complete
2019-01-13-08-10-08  Notice   Running mailing task
2019-01-13-08-10-08  Notice   Mailing task complete
2019-01-13-08-15-08  Notice   Running mailing task
2019-01-13-08-15-08  Notice   Mailing task complete
2019-01-13-08-20-08  Notice   Running mailing task
2019-01-13-08-20-08  Notice   Mailing task complete
2019-01-13-08-25-08  Notice   Running mailing task
2019-01-13-08-25-08  Notice   Mailing task complete
2019-01-13-08-30-08  Notice   Running mailing task
2019-01-13-08-30-08  Notice   Mailing task complete
2019-01-13-08-35-09  Notice   Running mailing task
2019-01-13-08-35-09  Notice   Mailing task complete
2019-01-13-08-40-09  Notice   Running mailing task
2019-01-13-08-40-09  Notice   Mailing task complete
2019-01-13-08-45-09  Notice   Running mailing task
2019-01-13-08-45-09  Notice   Mailing task complete
2019-01-13-08-50-09  Notice   Running mailing task
2019-01-13-08-50-09  Notice   Mailing task complete
2019-01-13-08-55-09  Notice   Running mailing task
2019-01-13-08-55-09  Notice   Mailing task complete
2019-01-13-09-00-09  Notice   Running mailing task
2019-01-13-09-00-09  Notice   Mailing task complete
2019-01-13-09-05-09  Notice   Running mailing task
2019-01-13-09-05-09  Notice   Mailing task complete
2019-01-13-09-10-09  Notice   Running mailing task
2019-01-13-09-10-09  Notice   Mailing task complete
2019-01-13-09-15-09  Notice   Running mailing task
2019-01-13-09-15-09  Notice   Mailing task complete
2019-01-13-09-20-09  Notice   Running mailing task
2019-01-13-09-20-09  Notice   Mailing task complete
2019-01-13-09-25-09  Notice   Running mailing task
2019-01-13-09-25-09  Notice   Mailing task complete
2019-01-13-09-30-09  Notice   Running mailing task
2019-01-13-09-30-09  Notice   Mailing task complete
2019-01-13-09-35-09  Notice   Running mailing task
2019-01-13-09-35-09  Notice   Mailing task complete
2019-01-13-09-40-09  Notice   Running mailing task
2019-01-13-09-40-09  Notice   Mailing task complete
2019-01-13-09-45-09  Notice   Running mailing task
2019-01-13-09-45-09  Notice   Mailing task complete
2019-01-13-09-50-09  Notice   Running mailing task
2019-01-13-09-50-09  Notice   Mailing task complete
2019-01-13-09-55-09  Notice   Running mailing task
2019-01-13-09-55-09  Notice   Mailing task complete
2019-01-13-10-00-09  Notice   Running mailing task
2019-01-13-10-00-09  Notice   Mailing task complete
2019-01-13-10-05-09  Notice   Running mailing task
2019-01-13-10-05-09  Notice   Mailing task complete
2019-01-13-10-10-09  Notice   Running mailing task
2019-01-13-10-10-09  Notice   Mailing task complete
2019-01-13-10-15-09  Notice   Running mailing task
2019-01-13-10-15-09  Notice   Mailing task complete
2019-01-13-10-20-09  Notice   Running mailing task
2019-01-13-10-20-09  Notice   Mailing task complete
2019-01-13-10-25-09  Notice   Running mailing task
2019-01-13-10-25-09  Notice   Mailing task complete
2019-01-13-10-30-09  Notice   Running mailing task
2019-01-13-10-30-09  Notice   Mailing task complete
2019-01-13-10-35-10  Notice   Running mailing task
2019-01-13-10-35-10  Notice   Mailing task complete
2019-01-13-10-40-10  Notice   Running mailing task
2019-01-13-10-40-10  Notice   Mailing task complete
2019-01-13-10-45-10  Notice   Running mailing task
2019-01-13-10-45-10  Notice   Mailing task complete
2019-01-13-10-50-10  Notice   Running mailing task
2019-01-13-10-50-10  Notice   Mailing task complete
2019-01-13-10-55-10  Notice   Running mailing task
2019-01-13-10-55-10  Notice   Mailing task complete
2019-01-13-11-00-10  Notice   Running mailing task
2019-01-13-11-00-10  Notice   Mailing task complete
2019-01-13-11-05-10  Notice   Running mailing task
2019-01-13-11-05-10  Notice   Mailing task complete
2019-01-13-11-10-10  Notice   Running mailing task
2019-01-13-11-10-10  Notice   Mailing task complete
2019-01-13-11-15-10  Notice   Running mailing task
2019-01-13-11-15-10  Notice   Mailing task complete
2019-01-13-11-20-10  Notice   Running mailing task
2019-01-13-11-20-10  Notice   Mailing task complete
2019-01-13-11-25-10  Notice   Running mailing task
2019-01-13-11-25-10  Notice   Mailing task complete
2019-01-13-11-30-10  Notice   Running mailing task
2019-01-13-11-30-10  Notice   Mailing task complete
2019-01-13-11-35-10  Notice   Running mailing task
2019-01-13-11-35-10  Notice   Mailing task complete
2019-01-13-11-40-10  Notice   Running mailing task
2019-01-13-11-40-10  Notice   Mailing task complete
2019-01-13-11-45-10  Notice   Running mailing task
2019-01-13-11-45-10  Notice   Mailing task complete
2019-01-13-11-50-10  Notice   Running mailing task
2019-01-13-11-50-10  Notice   Mailing task complete
2019-01-13-11-55-10  Notice   Running mailing task
2019-01-13-11-55-10  Notice   Mailing task complete
2019-01-13-12-00-10  Notice   Running mailing task
2019-01-13-12-00-10  Notice   Mailing task complete
2019-01-13-12-05-10  Notice   Running mailing task
2019-01-13-12-05-10  Notice   Mailing task complete
2019-01-13-12-10-10  Notice   Running mailing task
2019-01-13-12-10-10  Notice   Mailing task complete
2019-01-13-12-15-10  Notice   Running mailing task
2019-01-13-12-15-10  Notice   Mailing task complete
2019-01-13-12-20-10  Notice   Running mailing task
2019-01-13-12-20-10  Notice   Mailing task complete
2019-01-13-12-25-10  Notice   Running mailing task
2019-01-13-12-25-10  Notice   Mailing task complete
2019-01-13-12-30-10  Notice   Running mailing task
2019-01-13-12-30-10  Notice   Mailing task complete
2019-01-13-12-35-11  Notice   Running mailing task
2019-01-13-12-35-11  Notice   Mailing task complete
2019-01-13-12-40-11  Notice   Running mailing task
2019-01-13-12-40-11  Notice   Mailing task complete
2019-01-13-12-45-11  Notice   Running mailing task
2019-01-13-12-45-11  Notice   Mailing task complete
2019-01-13-12-50-11  Notice   Running mailing task
2019-01-13-12-50-11  Notice   Mailing task complete
2019-01-13-12-55-11  Notice   Running mailing task
2019-01-13-12-55-11  Notice   Mailing task complete
2019-01-13-13-00-11  Notice   Running mailing task
2019-01-13-13-00-11  Notice   Mailing task complete
2019-01-13-13-05-11  Notice   Running mailing task
2019-01-13-13-05-11  Notice   Mailing task complete
2019-01-13-13-10-11  Notice   Running mailing task
2019-01-13-13-10-11  Notice   Mailing task complete
2019-01-13-13-15-11  Notice   Running mailing task
2019-01-13-13-15-11  Notice   Mailing task complete
2019-01-13-13-20-11  Notice   Running mailing task
2019-01-13-13-20-11  Notice   Mailing task complete
2019-01-13-13-25-11  Notice   Running mailing task
2019-01-13-13-25-11  Notice   Mailing task complete
2019-01-13-13-30-11  Notice   Running mailing task
2019-01-13-13-30-11  Notice   Mailing task complete
2019-01-13-13-35-11  Notice   Running mailing task
2019-01-13-13-35-11  Notice   Mailing task complete
2019-01-13-13-40-11  Notice   Running mailing task
2019-01-13-13-40-11  Notice   Mailing task complete
2019-01-13-13-45-11  Notice   Running mailing task
2019-01-13-13-45-11  Notice   Mailing task complete
2019-01-13-13-50-11  Notice   Running mailing task
2019-01-13-13-50-11  Notice   Mailing task complete
2019-01-13-13-55-11  Notice   Running mailing task
2019-01-13-13-55-11  Notice   Mailing task complete
2019-01-13-14-00-11  Notice   Running mailing task
2019-01-13-14-00-11  Notice   Mailing task complete
2019-01-13-14-05-11  Notice   Running mailing task
2019-01-13-14-05-11  Notice   Mailing task complete
2019-01-13-14-10-11  Notice   Running mailing task
2019-01-13-14-10-11  Notice   Mailing task complete
2019-01-13-14-15-11  Notice   Running mailing task
2019-01-13-14-15-11  Notice   Mailing task complete
