2019-01-16-01-54-48  Notice   Starting Nancy on http://localhost:8888
2019-01-16-01-54-59  Notice   Application started
2019-01-16-01-54-59  Notice   Running mailing task
2019-01-16-01-54-59  Notice   Mailing task complete
2019-01-16-01-54-59  Notice   Running billing task
2019-01-16-01-55-00  Notice   Billing task complete
2019-01-16-01-55-05  Notice   User admin id 8433825e-59cd-4dd9-b51e-9e11c9bb7f4a logged in.
2019-01-16-01-56-15  Notice   admin changed organization Piratenpartei Zentralschweiz
2019-01-16-01-56-43  Notice   admin changed organization Piratenpartei Zentralschweiz
2019-01-16-01-56-46  Notice   admin changed organization Piratenpartei Zentralschweiz
2019-01-16-01-57-22  Notice   admin changed organization Piratenpartei Zentralschweiz
2019-01-16-01-57-42  Notice   admin changed organization Piratenpartei Zentralschweiz
2019-01-16-01-57-56  Notice   admin changed organization Piratenpartei Zentralschweiz
2019-01-16-01-58-01  Notice   admin changed organization Piratenpartei Zentralschweiz
2019-01-16-01-58-01  Notice   admin changed organization Piratenpartei Zentralschweiz
2019-01-16-01-58-02  Notice   admin changed organization Piratenpartei Zentralschweiz
2019-01-16-01-58-02  Notice   admin changed organization Piratenpartei Zentralschweiz
2019-01-16-01-58-07  Notice   admin changed organization Piratenpartei Zentralschweiz
2019-01-16-01-58-28  Notice   admin changed organization Piratenpartei Zentralschweiz
2019-01-16-01-58-53  Notice   admin changed organization Piratenpartei Zentralschweiz
2019-01-16-01-58-54  Notice   admin changed organization Piratenpartei Zentralschweiz
2019-01-16-01-59-03  Notice   admin changed organization Piratenpartei Zentralschweiz
2019-01-16-02-00-00  Notice   Running mailing task
2019-01-16-02-00-00  Notice   Mailing task complete
2019-01-16-02-00-00  Notice   Running billing task
2019-01-16-02-00-00  Notice   Billing task complete
2019-01-16-02-00-07  Notice   admin changed organization Piratenpartei Zentralschweiz
2019-01-16-02-00-23  Notice   admin changed organization Piratenpartei Zentralschweiz
2019-01-16-02-00-30  Notice   admin changed organization Piratenpartei Zentralschweiz
2019-01-16-02-00-41  Notice   admin changed organization Piratenpartei Zentralschweiz
