2019-01-19-04-51-45  Notice   Starting Nancy on http://localhost:8888
2019-01-19-04-51-57  Notice   Application started
2019-01-19-04-51-57  Notice   Running mailing task
2019-01-19-04-51-57  Notice   Mailing task complete
2019-01-19-04-51-57  Notice   Running billing task
2019-01-19-04-52-01  Notice   User admin id 2d14db38-9839-439e-94ca-6a332f8d56c6 logged in.
2019-01-19-04-52-02  Notice   Billing task complete
2019-01-19-04-52-02  Notice   Running mailing task
2019-01-19-04-52-03  Notice   Mailing task complete
2019-01-19-04-53-26  Error    Npgsql.PostgresException (0x80004005): 23503: update or delete on table "person" violates foreign key constraint "journalentry_personid_fkey" on table "journalentry"
2019-01-19-04-53-26  Error    at Npgsql.NpgsqlConnector+<>c__DisplayClass161_0.<ReadMessage>g__ReadMessageLong|0 (Npgsql.DataRowLoadingMode dataRowLoadingMode2, System.Boolean readingNotifications2, System.Boolean isReadingPrependedMessage) [0x003ff] in C:\projects\npgsql\src\Npgsql\NpgsqlConnector.cs:1003
2019-01-19-04-53-26  Error    at Npgsql.NpgsqlConnector+<>c__DisplayClass161_0.<ReadMessage>g__ReadMessageLong|0 (Npgsql.DataRowLoadingMode dataRowLoadingMode2, System.Boolean readingNotifications2, System.Boolean isReadingPrependedMessage) [0x004c0] in C:\projects\npgsql\src\Npgsql\NpgsqlConnector.cs:1032
2019-01-19-04-53-26  Error    at System.Threading.Tasks.ValueTask`1[TResult].get_Result () [0x00022] in <c50882760828481c927e00b7db67d1a5>:0
2019-01-19-04-53-26  Error    at System.Runtime.CompilerServices.ValueTaskAwaiter`1[TResult].GetResult () [0x00000] in <c50882760828481c927e00b7db67d1a5>:0
2019-01-19-04-53-26  Error    at Npgsql.NpgsqlDataReader.NextResult (System.Boolean async, System.Boolean isConsuming) [0x00643] in C:\projects\npgsql\src\Npgsql\NpgsqlDataReader.cs:489
2019-01-19-04-53-26  Error    at Npgsql.NpgsqlDataReader.NextResult () [0x00064] in C:\projects\npgsql\src\Npgsql\NpgsqlDataReader.cs:340
2019-01-19-04-53-26  Error    at Npgsql.NpgsqlCommand.ExecuteDbDataReader (System.Data.CommandBehavior behavior, System.Boolean async, System.Threading.CancellationToken cancellationToken) [0x002fd] in C:\projects\npgsql\src\Npgsql\NpgsqlCommand.cs:1229
2019-01-19-04-53-26  Error    at System.Threading.Tasks.ValueTask`1[TResult].get_Result () [0x00022] in <c50882760828481c927e00b7db67d1a5>:0
2019-01-19-04-53-26  Error    at System.Runtime.CompilerServices.ValueTaskAwaiter`1[TResult].GetResult () [0x00000] in <c50882760828481c927e00b7db67d1a5>:0
2019-01-19-04-53-26  Error    at Npgsql.NpgsqlCommand.ExecuteNonQuery (System.Boolean async, System.Threading.CancellationToken cancellationToken) [0x00033] in C:\projects\npgsql\src\Npgsql\NpgsqlCommand.cs:1042
2019-01-19-04-53-26  Error    at Npgsql.NpgsqlCommand.ExecuteNonQuery () [0x00000] in C:\projects\npgsql\src\Npgsql\NpgsqlCommand.cs:1025
2019-01-19-04-53-26  Error    at Quaestur.PostgresDatabase.Delete (Quaestur.DatabaseObject obj) [0x00047] in /Dev/Code/Quaestur/Quaestur/Infrastructure/PostgresDatabase.cs:201
2019-01-19-04-53-26  Error    at Quaestur.Person.Delete (Quaestur.IDatabase database) [0x001f7] in /Dev/Code/Quaestur/Quaestur/Model/Person.cs:300
2019-01-19-04-53-26  Error    at Quaestur.PersonDeleteModule.<.ctor>b__0_2 (System.Object parameters) [0x000b8] in /Dev/Code/Quaestur/Quaestur/Module/PersonDeleteModule.cs:57
2019-01-19-04-53-26  Error    at (wrapper dynamic-method) System.Object.CallSite.Target(System.Runtime.CompilerServices.Closure,System.Runtime.CompilerServices.CallSite,System.Func`2<object, object>,object)
2019-01-19-04-53-26  Error    at Nancy.Routing.Route+<>c__DisplayClass15_0.<Wrap>b__0 (System.Object parameters, System.Threading.CancellationToken context) [0x00047] in <b19e8b2217d04f0da83734dfcf376ab0>:0
