2019-01-14-19-11-08  Notice   Starting Nancy on http://localhost:8888
2019-01-14-19-11-19  Notice   Application started
2019-01-14-19-11-19  Notice   Running mailing task
2019-01-14-19-11-19  Notice   Mailing task complete
2019-01-14-19-11-19  Notice   Running billing task
2019-01-14-19-11-21  Notice   Created bill 20190114M0000022 for Jennifer B. R. Roberts in Piratenpartei Zentralschweiz
2019-01-14-19-11-22  Notice   Created bill 20190114M0000023 for Kevin Cook in Piratenpartei Zentralschweiz
2019-01-14-19-11-23  Notice   Created bill 20190114M0000024 for Paul King in Piratenpartei Zentralschweiz
2019-01-14-19-11-24  Notice   Created bill 20190114M0000025 for Anna Mitchell in Piratenpartei Zentralschweiz
2019-01-14-19-11-26  Notice   Created bill 20190114M0000026 for David Jenkins in Piratenpartei Zentralschweiz
2019-01-14-19-11-26  Notice   Billing task complete
2019-01-14-19-11-32  Notice   User admin id 1a604734-b328-47d3-87a6-ad2d29e08200 logged in.
2019-01-14-19-11-45  Notice   admin modified Jennifer B. R. Roberts: Downloaded bill 20190114M0000022
2019-01-14-19-16-20  Notice   Running mailing task
2019-01-14-19-16-20  Notice   Mailing task complete
2019-01-14-19-16-20  Notice   Running billing task
2019-01-14-19-16-22  Notice   Created bill 20190114M0000027 for Charles Rogers in Piratenpartei Zentralschweiz
2019-01-14-19-16-23  Notice   Created bill 20190114M0000028 for Angela Bailey in Piratenpartei Zentralschweiz
2019-01-14-19-16-24  Notice   Created bill 20190114M0000029 for Eric Rogers in Piratenpartei Zentralschweiz
2019-01-14-19-16-25  Notice   Created bill 20190114M0000030 for Anthony Moore in Piratenpartei Zentralschweiz
2019-01-14-19-16-26  Notice   Created bill 20190114M0000031 for Steven Thompson in Piratenpartei Zentralschweiz
2019-01-14-19-16-26  Notice   Billing task complete
2019-01-14-19-21-20  Notice   Running mailing task
2019-01-14-19-21-20  Notice   Mailing task complete
2019-01-14-19-21-20  Notice   Running billing task
2019-01-14-19-21-22  Notice   Created bill 20190114M0000032 for Sandra B. Brown in Piratenpartei Zentralschweiz
2019-01-14-19-21-23  Notice   Created bill 20190114M0000033 for Karen Henderson in Piratenpartei Zentralschweiz
2019-01-14-19-21-25  Notice   Created bill 20190114M0000034 for Thomas Long in Piratenpartei Zentralschweiz
2019-01-14-19-21-26  Notice   Created bill 20190114M0000035 for Deborah A. S. Johnson in Piratenpartei Zentralschweiz
2019-01-14-19-21-27  Notice   Created bill 20190114M0000036 for William Watson in Piratenpartei Zentralschweiz
2019-01-14-19-21-27  Notice   Billing task complete
2019-01-14-19-26-21  Notice   Running mailing task
2019-01-14-19-26-21  Notice   Mailing task complete
2019-01-14-19-26-21  Notice   Running billing task
2019-01-14-19-26-23  Notice   Created bill 20190114M0000037 for Ryan Flores in Piratenpartei Zentralschweiz
2019-01-14-19-26-24  Notice   Created bill 20190114M0000038 for Emily Wright in Piratenpartei Zentralschweiz
2019-01-14-19-26-25  Notice   Created bill 20190114M0000039 for Brandon S. Butler in Piratenpartei Zentralschweiz
2019-01-14-19-26-26  Notice   Created bill 20190114M0000040 for Donna L. M. Jackson in Piratenpartei Zentralschweiz
2019-01-14-19-26-28  Notice   Created bill 20190114M0000041 for James M. Mitchell in Piratenpartei Zentralschweiz
2019-01-14-19-26-28  Notice   Billing task complete
