2019-01-09-19-33-53  Notice   Starting Nancy on http://localhost:8888
2019-01-09-19-34-03  Notice   Application started
2019-01-09-19-34-03  Notice   Running mailing task
2019-01-09-19-34-03  Notice   Mailing task complete
2019-01-09-19-34-12  Notice   User admin id d8ee81f0-4f0b-4f1f-b8c8-b6723c766559 logged in.
2019-01-09-19-34-25  Notice   admin changed export test
2019-01-09-19-34-42  Notice   admin changed export test
2019-01-09-19-34-46  Notice   admin changed export test
2019-01-09-19-34-49  Notice   admin changed export test
2019-01-09-19-34-53  Notice   admin changed export test
2019-01-09-19-39-04  Notice   Running mailing task
2019-01-09-19-39-04  Notice   Mailing task complete
2019-01-09-19-44-04  Notice   Running mailing task
2019-01-09-19-44-04  Notice   Mailing task complete
2019-01-09-19-49-04  Notice   Running mailing task
2019-01-09-19-49-04  Notice   Mailing task complete
2019-01-09-19-54-04  Notice   Running mailing task
2019-01-09-19-54-04  Notice   Mailing task complete
2019-01-09-19-59-04  Notice   Running mailing task
2019-01-09-19-59-04  Notice   Mailing task complete
2019-01-09-20-04-04  Notice   Running mailing task
2019-01-09-20-04-04  Notice   Mailing task complete
2019-01-09-20-09-04  Notice   Running mailing task
2019-01-09-20-09-04  Notice   Mailing task complete
2019-01-09-20-14-04  Notice   Running mailing task
