2019-01-18-20-32-27  Notice   Starting Nancy on http://localhost:8888
2019-01-18-20-32-39  Notice   Application started
2019-01-18-20-32-39  Notice   Running mailing task
2019-01-18-20-32-39  Notice   Mailing task complete
2019-01-18-20-32-39  Notice   Running billing task
2019-01-18-20-32-42  Notice   User admin id 2d14db38-9839-439e-94ca-6a332f8d56c6 logged in.
2019-01-18-20-32-42  Notice   Billing process modified Michael T. Morris: Created bill 20190118M0000087 for Michael T. Morris in Piratenpartei Zentralschweiz
2019-01-18-20-32-44  Notice   Billing process modified Steven Brooks: Created bill 20190118M0000088 for Steven Brooks in Piratenpartei Zentralschweiz
2019-01-18-20-32-44  Error    System.Exception: Reference membershiptypeid must not be null.
2019-01-18-20-32-44  Error    at Quaestur.ForeignKeyField`2[T,P].Validate () [0x00025] in /Dev/Code/Quaestur/Quaestur/Infrastructure/Field.cs:768
2019-01-18-20-32-44  Error    at Quaestur.DatabaseObject.Validate () [0x00019] in /Dev/Code/Quaestur/Quaestur/Infrastructure/DatabaseObject.cs:33
2019-01-18-20-32-44  Error    at Quaestur.PostgresDatabase.Insert (Quaestur.DatabaseObject obj) [0x0001a] in /Dev/Code/Quaestur/Quaestur/Infrastructure/PostgresDatabase.cs:213
2019-01-18-20-32-44  Error    at Quaestur.PostgresDatabase.Save (Quaestur.DatabaseObject obj) [0x0004d] in /Dev/Code/Quaestur/Quaestur/Infrastructure/PostgresDatabase.cs:513
2019-01-18-20-32-44  Error    at Quaestur.PersonDetailModule.<.ctor>b__0_0 (System.Object parameters) [0x00165] in /Dev/Code/Quaestur/Quaestur/Module/PersonDetailModule.cs:160
2019-01-18-20-32-44  Error    at (wrapper dynamic-method) System.Object.CallSite.Target(System.Runtime.CompilerServices.Closure,System.Runtime.CompilerServices.CallSite,System.Func`2<object, object>,object)
2019-01-18-20-32-44  Error    at Nancy.Routing.Route+<>c__DisplayClass15_0.<Wrap>b__0 (System.Object parameters, System.Threading.CancellationToken context) [0x00047] in <b19e8b2217d04f0da83734dfcf376ab0>:0
2019-01-18-20-32-45  Notice   Billing process modified Michelle Perez: Created bill 20190118M0000089 for Michelle Perez in Piratenpartei Zentralschweiz
2019-01-18-20-32-46  Notice   Billing process modified Donna Long: Created bill 20190118M0000090 for Donna Long in Piratenpartei Zentralschweiz
2019-01-18-20-32-47  Notice   Billing process modified Kevin Simmons: Created bill 20190118M0000091 for Kevin Simmons in Piratenpartei Zentralschweiz
2019-01-18-20-32-47  Notice   Billing task complete
2019-01-18-20-32-47  Notice   Running mailing task
2019-01-18-20-32-48  Verbose  Sending message to "James N. Bennett" <stefan+james.bennett@savvy.ch>
2019-01-18-20-32-48  Verbose  Connected to mail server mail.savvy.ch:587
2019-01-18-20-32-48  Info     Message sent to "James N. Bennett" <stefan+james.bennett@savvy.ch>
2019-01-18-20-32-48  Notice   Billing process modified James N. Bennett: Sent bill 20190118M0000086 using template L1G by e-mail to stefan+james.bennett@savvy.ch
2019-01-18-20-32-48  Verbose  Sending message to "Michael T. Morris" <stefan+michael.morris@savvy.ch>
2019-01-18-20-32-48  Verbose  Connected to mail server mail.savvy.ch:587
2019-01-18-20-32-48  Info     Message sent to "Michael T. Morris" <stefan+michael.morris@savvy.ch>
2019-01-18-20-32-48  Notice   Billing process modified Michael T. Morris: Sent bill 20190118M0000087 using template L1G by e-mail to stefan+michael.morris@savvy.ch
2019-01-18-20-32-48  Verbose  Sending message to "Steven Brooks" <stefan+steven.brooks@savvy.ch>
2019-01-18-20-32-48  Verbose  Connected to mail server mail.savvy.ch:587
2019-01-18-20-32-48  Info     Message sent to "Steven Brooks" <stefan+steven.brooks@savvy.ch>
2019-01-18-20-32-48  Notice   Billing process modified Steven Brooks: Sent bill 20190118M0000088 using template L1G by e-mail to stefan+steven.brooks@savvy.ch
2019-01-18-20-32-48  Verbose  Sending message to "Michelle Perez" <stefan+michelle.perez@savvy.ch>
2019-01-18-20-32-48  Verbose  Connected to mail server mail.savvy.ch:587
2019-01-18-20-32-49  Info     Message sent to "Michelle Perez" <stefan+michelle.perez@savvy.ch>
2019-01-18-20-32-49  Notice   Billing process modified Michelle Perez: Sent bill 20190118M0000089 using template L1G by e-mail to stefan+michelle.perez@savvy.ch
2019-01-18-20-32-49  Verbose  Sending message to "Donna Long" <stefan+donna.long@savvy.ch>
2019-01-18-20-32-49  Verbose  Connected to mail server mail.savvy.ch:587
2019-01-18-20-32-49  Info     Message sent to "Donna Long" <stefan+donna.long@savvy.ch>
2019-01-18-20-32-49  Notice   Billing process modified Donna Long: Sent bill 20190118M0000090 using template L1G by e-mail to stefan+donna.long@savvy.ch
2019-01-18-20-32-49  Notice   Mailing task complete
