2019-01-07-21-57-28  Notice   Starting Nancy on http://localhost:8888
2019-01-07-21-57-39  Notice   Application started
2019-01-07-21-57-39  Notice   Running mailing task
2019-01-07-21-57-39  Notice   Mailing task complete
2019-01-07-21-57-44  Notice   User admin id d6d9f80d-7ae4-4adc-b494-802f6a9b8f8b logged in.
2019-01-07-21-57-56  Notice   admin modified Kenneth Alexander: Removed role Piratenpartei Zentralschweiz / AGPPP / Mitglied
2019-01-07-21-57-59  Notice   admin modified Kenneth Alexander: Assigned role Piratenpartei Luzern / AGPPP / Mitglied
2019-01-07-21-58-03  Notice   admin modified Kenneth Alexander: Removed role Piratenpartei Luzern / AGPPP / Mitglied
2019-01-07-21-58-29  Notice   admin modified Kenneth Alexander: Remvoed tag Aktivist
2019-01-07-21-58-32  Notice   admin modified Kenneth Alexander: Added tag Aktivist
2019-01-07-21-58-51  Error    System.FormatException: Index (zero based) must be greater than or equal to zero and less than the size of the argument list.
2019-01-07-21-58-51  Error    at System.Text.StringBuilder.AppendFormatHelper (System.IFormatProvider provider, System.String format, System.ParamsArray args) [0x000f9] in <7b0d87324cab49bf96eac679025e77d1>:0
2019-01-07-21-58-51  Error    at System.String.FormatHelper (System.IFormatProvider provider, System.String format, System.ParamsArray args) [0x00023] in <7b0d87324cab49bf96eac679025e77d1>:0
2019-01-07-21-58-51  Error    at System.String.Format (System.String format, System.Object[] args) [0x00020] in <7b0d87324cab49bf96eac679025e77d1>:0
2019-01-07-21-58-51  Error    at Quaestur.Translation.Get (Quaestur.Language language, System.String key, System.String hint, System.String technical, System.Collections.Generic.IEnumerable`1[T] parameters) [0x0017d] in /Dev/Code/Quaestur/Quaestur/Infrastructure/Translation.cs:90
2019-01-07-21-58-51  Error    at Quaestur.Translator.Get (System.String key, System.String hint, System.String technical, System.Collections.Generic.IEnumerable`1[T] parameters) [0x00001] in /Dev/Code/Quaestur/Quaestur/Module/QuaesturModule.cs:28
2019-01-07-21-58-51  Error    at Quaestur.QuaesturModule.Journal (Quaestur.Person person, System.String key, System.String hint, System.String technical, System.Func`2[Quaestur.Translator,System.String][] parameters) [0x0003a] in /Dev/Code/Quaestur/Quaestur/Module/QuaesturModule.cs:423
2019-01-07-21-58-51  Error    at Quaestur.MembershipEdit.<.ctor>b__0_3 (System.Object parameters) [0x00164] in /Dev/Code/Quaestur/Quaestur/Module/MembershipEditModule.cs:155
2019-01-07-21-58-51  Error    at (wrapper dynamic-method) System.Object.CallSite.Target(System.Runtime.CompilerServices.Closure,System.Runtime.CompilerServices.CallSite,System.Func`2<object, object>,object)
2019-01-07-21-58-51  Error    at Nancy.Routing.Route+<>c__DisplayClass15_0.<Wrap>b__0 (System.Object parameters, System.Threading.CancellationToken context) [0x00047] in <b19e8b2217d04f0da83734dfcf376ab0>:0
