2019-01-19-01-43-28  Notice   Starting Nancy on http://localhost:8888
2019-01-19-01-43-40  Notice   Application started
2019-01-19-01-43-40  Notice   Running mailing task
2019-01-19-01-43-40  Notice   Mailing task complete
2019-01-19-01-43-40  Notice   Running billing task
2019-01-19-01-43-45  Notice   Billing task complete
2019-01-19-01-43-45  Notice   Running mailing task
2019-01-19-01-43-45  Notice   Mailing task complete
2019-01-19-01-43-53  Notice   User admin id 2d14db38-9839-439e-94ca-6a332f8d56c6 logged in.
2019-01-19-01-44-11  Verbose  Sending message to
2019-01-19-01-44-11  Verbose  Connected to mail server mail.savvy.ch:587
2019-01-19-01-44-12  Error    Error sending mail to
2019-01-19-01-44-12  Error    MailKit.Net.Smtp.SmtpCommandException: 5.1.3 Bad recipient address syntax
2019-01-19-01-44-12  Error    at MailKit.Net.Smtp.SmtpClient.OnRecipientNotAccepted (MimeKit.MimeMessage message, MimeKit.MailboxAddress mailbox, MailKit.Net.Smtp.SmtpResponse response) [0x00013] in <1725046bb13a456591705d9d771b9e7c>:0
2019-01-19-01-44-12  Error    at MailKit.Net.Smtp.SmtpClient.ProcessRcptToResponse (MimeKit.MimeMessage message, MimeKit.MailboxAddress mailbox, MailKit.Net.Smtp.SmtpResponse response) [0x00031] in <1725046bb13a456591705d9d771b9e7c>:0
2019-01-19-01-44-12  Error    at MailKit.Net.Smtp.SmtpClient.FlushCommandQueueAsync (MimeKit.MimeMessage message, MimeKit.MailboxAddress sender, System.Collections.Generic.IList`1[T] recipients, System.Boolean doAsync, System.Threading.CancellationToken cancellationToken) [0x00209] in <1725046bb13a456591705d9d771b9e7c>:0
2019-01-19-01-44-12  Error    at MailKit.Net.Smtp.SmtpClient.SendAsync (MimeKit.FormatOptions options, MimeKit.MimeMessage message, MimeKit.MailboxAddress sender, System.Collections.Generic.IList`1[T] recipients, System.Boolean doAsync, System.Threading.CancellationToken cancellationToken, MailKit.ITransferProgress progress) [0x00385] in <1725046bb13a456591705d9d771b9e7c>:0
2019-01-19-01-44-12  Error    at MailKit.Net.Smtp.SmtpClient.SendAsync (MimeKit.FormatOptions options, MimeKit.MimeMessage message, MimeKit.MailboxAddress sender, System.Collections.Generic.IList`1[T] recipients, System.Boolean doAsync, System.Threading.CancellationToken cancellationToken, MailKit.ITransferProgress progress) [0x00596] in <1725046bb13a456591705d9d771b9e7c>:0
2019-01-19-01-44-12  Error    at MailKit.Net.Smtp.SmtpClient.Send (MimeKit.FormatOptions options, MimeKit.MimeMessage message, System.Threading.CancellationToken cancellationToken, MailKit.ITransferProgress progress) [0x0005f] in <1725046bb13a456591705d9d771b9e7c>:0
2019-01-19-01-44-12  Error    at MailKit.MailTransport.Send (MimeKit.MimeMessage message, System.Threading.CancellationToken cancellationToken, MailKit.ITransferProgress progress) [0x00000] in <1725046bb13a456591705d9d771b9e7c>:0
2019-01-19-01-44-12  Error    at Quaestur.Mailer.Send (MimeKit.InternetAddress from, MimeKit.InternetAddress to, Quaestur.GpgPrivateKeyInfo senderKey, Quaestur.GpgPublicKeyInfo recipientKey, System.String subject, MimeKit.Multipart content) [0x00133] in /Dev/Code/Quaestur/Quaestur/Infrastructure/Mailer.cs:219
2019-01-19-01-44-12  Notice   admin tests mailing with subject Test
2019-01-19-01-44-25  Verbose  Sending message to stefan@savvy.ch
2019-01-19-01-44-25  Verbose  Connected to mail server mail.savvy.ch:587
2019-01-19-01-44-26  Info     Message sent to stefan@savvy.ch
2019-01-19-01-44-26  Notice   admin tests mailing with subject Test
2019-01-19-01-44-53  Notice   admin modified Thomas Alexander: Deleted bill 20190119M0000062
