2019-01-24-23-21-03  Notice   Starting Nancy on http://localhost:8888
2019-01-24-23-21-05  Notice   Application started
2019-01-24-23-21-05  Notice   Running mailing task
2019-01-24-23-21-05  Notice   Mailing task complete
2019-01-24-23-21-05  Notice   Running billing task
2019-01-24-23-21-10  Notice   Billing task complete
2019-01-24-23-21-10  Notice   Running mailing task
2019-01-24-23-21-10  Notice   Mailing task complete
2019-01-24-23-21-21  Notice   Login Process modified admin: Login with password succeeded
2019-01-24-23-21-43  Notice   admin modified admin: Logged in with two-factor authentication
2019-01-24-23-22-39  Error    System.InvalidOperationException: Sequence contains no matching element
2019-01-24-23-22-39  Error    at System.Linq.Enumerable.Single[TSource] (System.Collections.Generic.IEnumerable`1[T] source, System.Func`2[T,TResult] predicate) [0x00070] in <0a52baf64a2a4f9b96857c7b358eb12d>:0
2019-01-24-23-22-39  Error    at Quaestur.Templator.GetContent (System.String variable) [0x00024] in /Dev/Code/Quaestur/Quaestur/Documents/Templator.cs:26
2019-01-24-23-22-39  Error    at Quaestur.Templator.Apply (System.String text) [0x00022] in /Dev/Code/Quaestur/Quaestur/Documents/Templator.cs:38
2019-01-24-23-22-39  Error    at Quaestur.MailingModule.<.ctor>b__1_6 (System.Object parameters) [0x000f4] in /Dev/Code/Quaestur/Quaestur/Module/MailingModule.cs:470
2019-01-24-23-22-39  Error    at (wrapper dynamic-method) System.Object.CallSite.Target(System.Runtime.CompilerServices.Closure,System.Runtime.CompilerServices.CallSite,System.Func`2<object, object>,object)
2019-01-24-23-22-39  Error    at Nancy.Routing.Route+<>c__DisplayClass15_0.<Wrap>b__0 (System.Object parameters, System.Threading.CancellationToken context) [0x00047] in <b19e8b2217d04f0da83734dfcf376ab0>:0
2019-01-24-23-24-48  Error    System.InvalidOperationException: Sequence contains no matching element
2019-01-24-23-24-48  Error    at System.Linq.Enumerable.Single[TSource] (System.Collections.Generic.IEnumerable`1[T] source, System.Func`2[T,TResult] predicate) [0x00070] in <0a52baf64a2a4f9b96857c7b358eb12d>:0
2019-01-24-23-24-48  Error    at Quaestur.Templator.GetContent (System.String variable) [0x00024] in /Dev/Code/Quaestur/Quaestur/Documents/Templator.cs:26
2019-01-24-23-24-48  Error    at Quaestur.Templator.Apply (System.String text) [0x00022] in /Dev/Code/Quaestur/Quaestur/Documents/Templator.cs:38
2019-01-24-23-24-48  Error    at Quaestur.MailingModule.<.ctor>b__1_6 (System.Object parameters) [0x000f4] in /Dev/Code/Quaestur/Quaestur/Module/MailingModule.cs:470
2019-01-24-23-24-48  Error    at (wrapper dynamic-method) System.Object.CallSite.Target(System.Runtime.CompilerServices.Closure,System.Runtime.CompilerServices.CallSite,System.Func`2<object, object>,object)
2019-01-24-23-24-48  Error    at Nancy.Routing.Route+<>c__DisplayClass15_0.<Wrap>b__0 (System.Object parameters, System.Threading.CancellationToken context) [0x00047] in <b19e8b2217d04f0da83734dfcf376ab0>:0
