2019-01-17-02-29-08  Notice   Starting Nancy on http://localhost:8888
2019-01-17-02-29-10  Notice   Application started
2019-01-17-02-29-10  Notice   Running mailing task
2019-01-17-02-29-10  Notice   Mailing task complete
2019-01-17-02-29-10  Notice   Running billing task
2019-01-17-02-29-10  Notice   Billing task complete
2019-01-17-02-29-10  Notice   Running mailing task
2019-01-17-02-29-10  Notice   Mailing task complete
2019-01-17-02-30-06  Notice   User admin id 2d14db38-9839-439e-94ca-6a332f8d56c6 logged in.
2019-01-17-02-30-47  Notice   admin changed membership type Mitglied
2019-01-17-02-30-52  Verbose  Sending message to "admin" <>
2019-01-17-02-30-52  Verbose  Connected to mail server mail.savvy.ch:587
2019-01-17-02-30-52  Error    Error sending mail to "admin" <>
2019-01-17-02-30-52  Error    MailKit.Net.Smtp.SmtpCommandException: 5.1.3 Bad recipient address syntax
2019-01-17-02-30-52  Error    at MailKit.Net.Smtp.SmtpClient.OnRecipientNotAccepted (MimeKit.MimeMessage message, MimeKit.MailboxAddress mailbox, MailKit.Net.Smtp.SmtpResponse response) [0x00013] in <1725046bb13a456591705d9d771b9e7c>:0
2019-01-17-02-30-52  Error    at MailKit.Net.Smtp.SmtpClient.ProcessRcptToResponse (MimeKit.MimeMessage message, MimeKit.MailboxAddress mailbox, MailKit.Net.Smtp.SmtpResponse response) [0x00031] in <1725046bb13a456591705d9d771b9e7c>:0
2019-01-17-02-30-52  Error    at MailKit.Net.Smtp.SmtpClient.FlushCommandQueueAsync (MimeKit.MimeMessage message, MimeKit.MailboxAddress sender, System.Collections.Generic.IList`1[T] recipients, System.Boolean doAsync, System.Threading.CancellationToken cancellationToken) [0x00209] in <1725046bb13a456591705d9d771b9e7c>:0
2019-01-17-02-30-52  Error    at MailKit.Net.Smtp.SmtpClient.SendAsync (MimeKit.FormatOptions options, MimeKit.MimeMessage message, MimeKit.MailboxAddress sender, System.Collections.Generic.IList`1[T] recipients, System.Boolean doAsync, System.Threading.CancellationToken cancellationToken, MailKit.ITransferProgress progress) [0x00385] in <1725046bb13a456591705d9d771b9e7c>:0
2019-01-17-02-30-52  Error    at MailKit.Net.Smtp.SmtpClient.SendAsync (MimeKit.FormatOptions options, MimeKit.MimeMessage message, MimeKit.MailboxAddress sender, System.Collections.Generic.IList`1[T] recipients, System.Boolean doAsync, System.Threading.CancellationToken cancellationToken, MailKit.ITransferProgress progress) [0x00596] in <1725046bb13a456591705d9d771b9e7c>:0
2019-01-17-02-30-52  Error    at MailKit.Net.Smtp.SmtpClient.Send (MimeKit.FormatOptions options, MimeKit.MimeMessage message, System.Threading.CancellationToken cancellationToken, MailKit.ITransferProgress progress) [0x0005f] in <1725046bb13a456591705d9d771b9e7c>:0
2019-01-17-02-30-52  Error    at MailKit.MailTransport.Send (MimeKit.MimeMessage message, System.Threading.CancellationToken cancellationToken, MailKit.ITransferProgress progress) [0x00000] in <1725046bb13a456591705d9d771b9e7c>:0
2019-01-17-02-30-52  Error    at Quaestur.Mailer.Send (MimeKit.InternetAddress from, MimeKit.InternetAddress to, Quaestur.GpgKeyInfo key, System.String subject, MimeKit.Multipart content) [0x000f7] in /Dev/Code/Quaestur/Quaestur/Infrastructure/Mailer.cs:142
2019-01-17-02-31-16  Notice   admin modified admin: Added mail address stefan@savvy.ch
2019-01-17-02-31-26  Verbose  Sending message to "admin" <>
2019-01-17-02-31-26  Verbose  Connected to mail server mail.savvy.ch:587
2019-01-17-02-31-26  Error    Error sending mail to "admin" <>
2019-01-17-02-31-26  Error    MailKit.Net.Smtp.SmtpCommandException: 5.1.3 Bad recipient address syntax
2019-01-17-02-31-26  Error    at MailKit.Net.Smtp.SmtpClient.OnRecipientNotAccepted (MimeKit.MimeMessage message, MimeKit.MailboxAddress mailbox, MailKit.Net.Smtp.SmtpResponse response) [0x00013] in <1725046bb13a456591705d9d771b9e7c>:0
2019-01-17-02-31-26  Error    at MailKit.Net.Smtp.SmtpClient.ProcessRcptToResponse (MimeKit.MimeMessage message, MimeKit.MailboxAddress mailbox, MailKit.Net.Smtp.SmtpResponse response) [0x00031] in <1725046bb13a456591705d9d771b9e7c>:0
2019-01-17-02-31-26  Error    at MailKit.Net.Smtp.SmtpClient.FlushCommandQueueAsync (MimeKit.MimeMessage message, MimeKit.MailboxAddress sender, System.Collections.Generic.IList`1[T] recipients, System.Boolean doAsync, System.Threading.CancellationToken cancellationToken) [0x00209] in <1725046bb13a456591705d9d771b9e7c>:0
2019-01-17-02-31-26  Error    at MailKit.Net.Smtp.SmtpClient.SendAsync (MimeKit.FormatOptions options, MimeKit.MimeMessage message, MimeKit.MailboxAddress sender, System.Collections.Generic.IList`1[T] recipients, System.Boolean doAsync, System.Threading.CancellationToken cancellationToken, MailKit.ITransferProgress progress) [0x00385] in <1725046bb13a456591705d9d771b9e7c>:0
2019-01-17-02-31-26  Error    at MailKit.Net.Smtp.SmtpClient.SendAsync (MimeKit.FormatOptions options, MimeKit.MimeMessage message, MimeKit.MailboxAddress sender, System.Collections.Generic.IList`1[T] recipients, System.Boolean doAsync, System.Threading.CancellationToken cancellationToken, MailKit.ITransferProgress progress) [0x00596] in <1725046bb13a456591705d9d771b9e7c>:0
2019-01-17-02-31-26  Error    at MailKit.Net.Smtp.SmtpClient.Send (MimeKit.FormatOptions options, MimeKit.MimeMessage message, System.Threading.CancellationToken cancellationToken, MailKit.ITransferProgress progress) [0x0005f] in <1725046bb13a456591705d9d771b9e7c>:0
2019-01-17-02-31-26  Error    at MailKit.MailTransport.Send (MimeKit.MimeMessage message, System.Threading.CancellationToken cancellationToken, MailKit.ITransferProgress progress) [0x00000] in <1725046bb13a456591705d9d771b9e7c>:0
2019-01-17-02-31-26  Error    at Quaestur.Mailer.Send (MimeKit.InternetAddress from, MimeKit.InternetAddress to, Quaestur.GpgKeyInfo key, System.String subject, MimeKit.Multipart content) [0x000f7] in /Dev/Code/Quaestur/Quaestur/Infrastructure/Mailer.cs:142
