2018-12-28-05-05-37  Error    Npgsql.PostgresException (0x80004005): 42883: operator does not exist: @ uuid
2018-12-28-05-05-37  Error    at Npgsql.NpgsqlConnector+<>c__DisplayClass161_0.<ReadMessage>g__ReadMessageLong|0 (Npgsql.DataRowLoadingMode dataRowLoadingMode2, System.Boolean readingNotifications2, System.Boolean isReadingPrependedMessage) [0x003ff] in C:\projects\npgsql\src\Npgsql\NpgsqlConnector.cs:1003
2018-12-28-05-05-37  Error    at Npgsql.NpgsqlConnector+<>c__DisplayClass161_0.<ReadMessage>g__ReadMessageLong|0 (Npgsql.DataRowLoadingMode dataRowLoadingMode2, System.Boolean readingNotifications2, System.Boolean isReadingPrependedMessage) [0x004c0] in C:\projects\npgsql\src\Npgsql\NpgsqlConnector.cs:1032
2018-12-28-05-05-37  Error    at System.Threading.Tasks.ValueTask`1[TResult].get_Result () [0x00022] in <db70987ec4f64c33bf9deb66e2bcbaba>:0
2018-12-28-05-05-37  Error    at System.Runtime.CompilerServices.ValueTaskAwaiter`1[TResult].GetResult () [0x00000] in <db70987ec4f64c33bf9deb66e2bcbaba>:0
2018-12-28-05-05-37  Error    at Npgsql.NpgsqlDataReader.NextResult (System.Boolean async, System.Boolean isConsuming) [0x0039c] in C:\projects\npgsql\src\Npgsql\NpgsqlDataReader.cs:444
2018-12-28-05-05-37  Error    at Npgsql.NpgsqlDataReader.NextResult () [0x00064] in C:\projects\npgsql\src\Npgsql\NpgsqlDataReader.cs:340
2018-12-28-05-05-37  Error    at Npgsql.NpgsqlCommand.ExecuteDbDataReader (System.Data.CommandBehavior behavior, System.Boolean async, System.Threading.CancellationToken cancellationToken) [0x002fd] in C:\projects\npgsql\src\Npgsql\NpgsqlCommand.cs:1229
2018-12-28-05-05-37  Error    at System.Threading.Tasks.ValueTask`1[TResult].get_Result () [0x00022] in <db70987ec4f64c33bf9deb66e2bcbaba>:0
2018-12-28-05-05-37  Error    at System.Runtime.CompilerServices.ValueTaskAwaiter`1[TResult].GetResult () [0x00000] in <db70987ec4f64c33bf9deb66e2bcbaba>:0
2018-12-28-05-05-37  Error    at Npgsql.NpgsqlCommand.ExecuteDbDataReader (System.Data.CommandBehavior behavior) [0x00000] in C:\projects\npgsql\src\Npgsql\NpgsqlCommand.cs:1130
2018-12-28-05-05-37  Error    at System.Data.Common.DbCommand.ExecuteReader () [0x00000] in <c177462717a4445badd8f690b430d5c4>:0
2018-12-28-05-05-37  Error    at Npgsql.NpgsqlCommand.ExecuteReader () [0x00000] in C:\projects\npgsql\src\Npgsql\NpgsqlCommand.cs:1100
2018-12-28-05-05-37  Error    at (wrapper remoting-invoke-with-check) Npgsql.NpgsqlCommand.ExecuteReader()
2018-12-28-05-05-37  Error    at Quaestur.PostgresDatabase.Query[T] (Quaestur.DataCondition condition) [0x0002c] in /Dev/Code/Quaestur/Quaestur/Infrastructure/PostgresDatabase.cs:201
2018-12-28-05-05-37  Error    at Quaestur.Translation.Get (Quaestur.Language language, System.String english, System.Object[] parameters) [0x0000e] in /Dev/Code/Quaestur/Quaestur/Infrastructure/Translation.cs:29
2018-12-28-05-05-37  Error    at Quaestur.Translator.Get (System.String english, System.Object[] parameters) [0x00001] in /Dev/Code/Quaestur/Quaestur/Module/QuaesturModule.cs:20
2018-12-28-05-05-37  Error    at Quaestur.PersonListViewModel..ctor (Quaestur.Translator translator) [0x00079] in /Dev/Code/Quaestur/Quaestur/Module/PersonListModule.cs:196
2018-12-28-05-05-37  Error    at Quaestur.PersonListModule.<.ctor>b__2_0 (System.Object parameters) [0x00001] in /Dev/Code/Quaestur/Quaestur/Module/PersonListModule.cs:237
2018-12-28-05-05-37  Error    at (wrapper dynamic-method) System.Object.CallSite.Target(System.Runtime.CompilerServices.Closure,System.Runtime.CompilerServices.CallSite,System.Func`2<object, object>,object)
2018-12-28-05-05-37  Error    at System.Dynamic.UpdateDelegates.UpdateAndExecute2[T0,T1,TRet] (System.Runtime.CompilerServices.CallSite site, T0 arg0, T1 arg1) [0x0011d] in <079d1695f1b940b981a821e75d331759>:0
2018-12-28-05-05-37  Error    at Nancy.Routing.Route+<>c__DisplayClass15_0.<Wrap>b__0 (System.Object parameters, System.Threading.CancellationToken context) [0x00047] in <b19e8b2217d04f0da83734dfcf376ab0>:0
