2019-01-14-03-37-44  Notice   Starting Nancy on http://localhost:8888
2019-01-14-03-37-55  Notice   Application started
2019-01-14-03-37-55  Notice   Running mailing task
2019-01-14-03-37-55  Notice   Mailing task complete
2019-01-14-03-38-00  Notice   User admin id 0970bd76-6eb6-4254-9724-8fb75a2bbf42 logged in.
2019-01-14-03-38-28  Error    Npgsql.PostgresException (0x80004005): 42703: column "membershipid" of relation "bill" does not exist
2019-01-14-03-38-28  Error    at Npgsql.NpgsqlConnector+<>c__DisplayClass161_0.<ReadMessage>g__ReadMessageLong|0 (Npgsql.DataRowLoadingMode dataRowLoadingMode2, System.Boolean readingNotifications2, System.Boolean isReadingPrependedMessage) [0x003ff] in C:\projects\npgsql\src\Npgsql\NpgsqlConnector.cs:1003
2019-01-14-03-38-28  Error    at Npgsql.NpgsqlConnector+<>c__DisplayClass161_0.<ReadMessage>g__ReadMessageLong|0 (Npgsql.DataRowLoadingMode dataRowLoadingMode2, System.Boolean readingNotifications2, System.Boolean isReadingPrependedMessage) [0x004c0] in C:\projects\npgsql\src\Npgsql\NpgsqlConnector.cs:1032
2019-01-14-03-38-28  Error    at System.Threading.Tasks.ValueTask`1[TResult].get_Result () [0x00022] in <c50882760828481c927e00b7db67d1a5>:0
2019-01-14-03-38-28  Error    at System.Runtime.CompilerServices.ValueTaskAwaiter`1[TResult].GetResult () [0x00000] in <c50882760828481c927e00b7db67d1a5>:0
2019-01-14-03-38-28  Error    at Npgsql.NpgsqlDataReader.NextResult (System.Boolean async, System.Boolean isConsuming) [0x0039c] in C:\projects\npgsql\src\Npgsql\NpgsqlDataReader.cs:444
2019-01-14-03-38-28  Error    at Npgsql.NpgsqlDataReader.NextResult () [0x00064] in C:\projects\npgsql\src\Npgsql\NpgsqlDataReader.cs:340
2019-01-14-03-38-28  Error    at Npgsql.NpgsqlCommand.ExecuteDbDataReader (System.Data.CommandBehavior behavior, System.Boolean async, System.Threading.CancellationToken cancellationToken) [0x002fd] in C:\projects\npgsql\src\Npgsql\NpgsqlCommand.cs:1229
2019-01-14-03-38-28  Error    at System.Threading.Tasks.ValueTask`1[TResult].get_Result () [0x00022] in <c50882760828481c927e00b7db67d1a5>:0
2019-01-14-03-38-28  Error    at System.Runtime.CompilerServices.ValueTaskAwaiter`1[TResult].GetResult () [0x00000] in <c50882760828481c927e00b7db67d1a5>:0
2019-01-14-03-38-28  Error    at Npgsql.NpgsqlCommand.ExecuteNonQuery (System.Boolean async, System.Threading.CancellationToken cancellationToken) [0x00033] in C:\projects\npgsql\src\Npgsql\NpgsqlCommand.cs:1042
2019-01-14-03-38-28  Error    at Npgsql.NpgsqlCommand.ExecuteNonQuery () [0x00000] in C:\projects\npgsql\src\Npgsql\NpgsqlCommand.cs:1025
2019-01-14-03-38-28  Error    at Quaestur.PostgresDatabase.Insert (Quaestur.DatabaseObject obj) [0x000f3] in /Dev/Code/Quaestur/Quaestur/Infrastructure/PostgresDatabase.cs:215
2019-01-14-03-38-28  Error    at Quaestur.PostgresDatabase.Save (Quaestur.DatabaseObject obj) [0x0004d] in /Dev/Code/Quaestur/Quaestur/Infrastructure/PostgresDatabase.cs:503
2019-01-14-03-38-28  Error    at Quaestur.BillModule.<.ctor>b__0_3 (System.Object parameters) [0x0020b] in /Dev/Code/Quaestur/Quaestur/Module/BillModule.cs:206
2019-01-14-03-38-28  Error    at (wrapper dynamic-method) System.Object.CallSite.Target(System.Runtime.CompilerServices.Closure,System.Runtime.CompilerServices.CallSite,System.Func`2<object, object>,object)
2019-01-14-03-38-28  Error    at Nancy.Routing.Route+<>c__DisplayClass15_0.<Wrap>b__0 (System.Object parameters, System.Threading.CancellationToken context) [0x00047] in <b19e8b2217d04f0da83734dfcf376ab0>:0
