2019-01-14-03-39-53  Notice   Starting Nancy on http://localhost:8888
2019-01-14-03-40-04  Notice   Application started
2019-01-14-03-40-04  Notice   Running mailing task
2019-01-14-03-40-04  Notice   Mailing task complete
2019-01-14-03-40-09  Notice   User admin id 3b5535fa-6490-4a45-8d00-53ff54850159 logged in.
2019-01-14-03-40-22  Error    Npgsql.PostgresException (0x80004005): 42703: column "personid" does not exist
2019-01-14-03-40-22  Error    at Npgsql.NpgsqlConnector+<>c__DisplayClass161_0.<ReadMessage>g__ReadMessageLong|0 (Npgsql.DataRowLoadingMode dataRowLoadingMode2, System.Boolean readingNotifications2, System.Boolean isReadingPrependedMessage) [0x003ff] in C:\projects\npgsql\src\Npgsql\NpgsqlConnector.cs:1003
2019-01-14-03-40-22  Error    at Npgsql.NpgsqlConnector+<>c__DisplayClass161_0.<ReadMessage>g__ReadMessageLong|0 (Npgsql.DataRowLoadingMode dataRowLoadingMode2, System.Boolean readingNotifications2, System.Boolean isReadingPrependedMessage) [0x004c0] in C:\projects\npgsql\src\Npgsql\NpgsqlConnector.cs:1032
2019-01-14-03-40-22  Error    at System.Threading.Tasks.ValueTask`1[TResult].get_Result () [0x00022] in <c50882760828481c927e00b7db67d1a5>:0
2019-01-14-03-40-22  Error    at System.Runtime.CompilerServices.ValueTaskAwaiter`1[TResult].GetResult () [0x00000] in <c50882760828481c927e00b7db67d1a5>:0
2019-01-14-03-40-22  Error    at Npgsql.NpgsqlDataReader.NextResult (System.Boolean async, System.Boolean isConsuming) [0x0039c] in C:\projects\npgsql\src\Npgsql\NpgsqlDataReader.cs:444
2019-01-14-03-40-22  Error    at Npgsql.NpgsqlDataReader.NextResult () [0x00064] in C:\projects\npgsql\src\Npgsql\NpgsqlDataReader.cs:340
2019-01-14-03-40-22  Error    at Npgsql.NpgsqlCommand.ExecuteDbDataReader (System.Data.CommandBehavior behavior, System.Boolean async, System.Threading.CancellationToken cancellationToken) [0x002fd] in C:\projects\npgsql\src\Npgsql\NpgsqlCommand.cs:1229
2019-01-14-03-40-22  Error    at System.Threading.Tasks.ValueTask`1[TResult].get_Result () [0x00022] in <c50882760828481c927e00b7db67d1a5>:0
2019-01-14-03-40-22  Error    at System.Runtime.CompilerServices.ValueTaskAwaiter`1[TResult].GetResult () [0x00000] in <c50882760828481c927e00b7db67d1a5>:0
2019-01-14-03-40-22  Error    at Npgsql.NpgsqlCommand.ExecuteDbDataReader (System.Data.CommandBehavior behavior) [0x00000] in C:\projects\npgsql\src\Npgsql\NpgsqlCommand.cs:1130
2019-01-14-03-40-22  Error    at System.Data.Common.DbCommand.ExecuteReader () [0x00000] in <c177462717a4445badd8f690b430d5c4>:0
2019-01-14-03-40-22  Error    at Npgsql.NpgsqlCommand.ExecuteReader () [0x00000] in C:\projects\npgsql\src\Npgsql\NpgsqlCommand.cs:1100
2019-01-14-03-40-22  Error    at (wrapper remoting-invoke-with-check) Npgsql.NpgsqlCommand.ExecuteReader()
2019-01-14-03-40-22  Error    at Quaestur.PostgresDatabase.SubQuery[T] (Quaestur.DataCondition condition) [0x00077] in /Dev/Code/Quaestur/Quaestur/Infrastructure/PostgresDatabase.cs:310
2019-01-14-03-40-22  Error    at Quaestur.PostgresDatabase.Query[T] (Quaestur.DataCondition condition) [0x00009] in /Dev/Code/Quaestur/Quaestur/Infrastructure/PostgresDatabase.cs:272
2019-01-14-03-40-22  Error    at Quaestur.PersonDetailBillingViewModel..ctor (Quaestur.Translator translator, Quaestur.IDatabase database, Quaestur.Session session, Quaestur.Person person) [0x00035] in /Dev/Code/Quaestur/Quaestur/Module/PersonDetailBillingModule.cs:43
2019-01-14-03-40-22  Error    at Quaestur.PersonDetailBillingModule.<.ctor>b__0_0 (System.Object parameters) [0x000b8] in /Dev/Code/Quaestur/Quaestur/Module/PersonDetailBillingModule.cs:73
2019-01-14-03-40-22  Error    at (wrapper dynamic-method) System.Object.CallSite.Target(System.Runtime.CompilerServices.Closure,System.Runtime.CompilerServices.CallSite,System.Func`2<object, object>,object)
2019-01-14-03-40-22  Error    at Nancy.Routing.Route+<>c__DisplayClass15_0.<Wrap>b__0 (System.Object parameters, System.Threading.CancellationToken context) [0x00047] in <b19e8b2217d04f0da83734dfcf376ab0>:0
