2019-01-20-01-37-03  Notice   Starting Nancy on http://localhost:8888
2019-01-20-01-37-14  Notice   Application started
2019-01-20-01-37-14  Notice   Running mailing task
2019-01-20-01-37-14  Notice   Mailing task complete
2019-01-20-01-37-14  Notice   Running billing task
2019-01-20-01-37-19  Notice   Login Process modified admin: Login with password succeeded
2019-01-20-01-37-19  Notice   admin modified admin: Logged in without two-factor authentication
2019-01-20-01-37-19  Notice   Billing task complete
2019-01-20-01-37-19  Notice   Running mailing task
2019-01-20-01-37-20  Notice   Mailing task complete
2019-01-20-01-38-13  Notice   admin modified admin: Set two-factor authentication
2019-01-20-01-38-22  Notice   Login Process modified admin: Login with password succeeded
2019-01-20-01-38-38  Notice   admin modified admin: Logged in with two-factor authentication
2019-01-20-01-40-22  Notice   admin modified Stefan Thöni: Changed names Stefan Thöni
2019-01-20-01-40-41  Notice   admin modified Stefan Thöni: Changed password
2019-01-20-01-40-44  Notice   admin modified Stefan Thöni: Changed password
2019-01-20-01-40-54  Notice   Login Process modified Stefan Thöni: Login with password succeeded
2019-01-20-01-40-54  Notice   Stefan Thöni modified Stefan Thöni: Logged in without two-factor authentication
2019-01-20-01-42-15  Notice   Running mailing task
2019-01-20-01-42-15  Notice   Mailing task complete
2019-01-20-01-42-15  Notice   Running billing task
2019-01-20-01-42-20  Notice   Billing task complete
2019-01-20-01-42-20  Notice   Running mailing task
2019-01-20-01-42-20  Notice   Mailing task complete
2019-01-20-01-42-51  Notice   Stefan Thöni modified Stefan Thöni: Set two-factor authentication
2019-01-20-01-43-03  Notice   Login Process modified Stefan Thöni: Login with password succeeded
2019-01-20-01-43-11  Notice   Stefan Thöni modified Stefan Thöni: Logged in with two-factor authentication
2019-01-20-01-43-20  Notice   Login Process modified admin: Login with password succeeded
2019-01-20-01-43-42  Notice   admin modified admin: Logged in with two-factor authentication
2019-01-20-01-44-04  Notice   admin modified Stefan Thöni: Assigned role Piratenpartei Zentralschweiz / Quaestur.MultiLanguageString / Quaestur.MultiLanguageString
2019-01-20-01-44-14  Notice   Login Process modified Stefan Thöni: Login with password succeeded
2019-01-20-01-44-23  Notice   Stefan Thöni modified Stefan Thöni: Logged in with two-factor authentication
2019-01-20-01-45-04  Notice   Login Process modified admin: Login with password succeeded
2019-01-20-01-45-04  Notice   admin modified admin: Logged in without two-factor authentication
2019-01-20-01-45-47  Notice   admin modified admin: Set two-factor authentication
2019-01-20-01-45-53  Notice   Login Process modified admin: Login with password succeeded
2019-01-20-01-46-08  Notice   admin modified admin: Logged in with two-factor authentication
2019-01-20-01-47-15  Notice   Running mailing task
2019-01-20-01-47-15  Notice   Mailing task complete
2019-01-20-01-47-15  Notice   Running billing task
2019-01-20-01-47-20  Notice   Billing task complete
2019-01-20-01-47-20  Notice   Running mailing task
2019-01-20-01-47-21  Notice   Mailing task complete
