2019-01-16-17-55-04  Notice   Starting Nancy on http://localhost:8888
2019-01-16-17-55-16  Notice   Application started
2019-01-16-17-55-16  Notice   Running mailing task
2019-01-16-17-55-16  Notice   Mailing task complete
2019-01-16-17-55-16  Notice   Running billing task
2019-01-16-17-55-18  Notice   Billing process modified Sandra B. Brown: Created bill 20190116M0000032 for Sandra B. Brown in Piratenpartei Zentralschweiz
2019-01-16-17-55-19  Notice   Billing process modified Karen Henderson: Created bill 20190116M0000033 for Karen Henderson in Piratenpartei Zentralschweiz
2019-01-16-17-55-20  Notice   User admin id e9e10edf-01c6-4d01-ac73-86bc7be6966d logged in.
2019-01-16-17-55-21  Notice   Billing process modified Thomas Long: Created bill 20190116M0000034 for Thomas Long in Piratenpartei Zentralschweiz
2019-01-16-17-55-22  Notice   Billing process modified Deborah A. S. Johnson: Created bill 20190116M0000035 for Deborah A. S. Johnson in Piratenpartei Zentralschweiz
2019-01-16-17-55-23  Notice   Billing process modified William Watson: Created bill 20190116M0000036 for William Watson in Piratenpartei Zentralschweiz
2019-01-16-17-55-23  Notice   Billing task complete
2019-01-16-17-55-28  Verbose  Sending message to "admin" <stefan@savvy.ch>
2019-01-16-17-55-29  Verbose  Connected to mail server mail.savvy.ch:587
2019-01-16-17-55-29  Info     Message sent to "admin" <stefan@savvy.ch>
2019-01-16-17-57-11  Verbose  Sending message to "admin" <stefan@savvy.ch>
2019-01-16-17-57-11  Verbose  Connected to mail server mail.savvy.ch:587
2019-01-16-17-57-11  Info     Message sent to "admin" <stefan@savvy.ch>
2019-01-16-18-00-16  Notice   Running mailing task
2019-01-16-18-00-16  Notice   Mailing task complete
2019-01-16-18-00-16  Notice   Running billing task
2019-01-16-18-00-19  Notice   Billing process modified Ryan Flores: Created bill 20190116M0000037 for Ryan Flores in Piratenpartei Zentralschweiz
2019-01-16-18-00-20  Notice   Billing process modified Emily Wright: Created bill 20190116M0000038 for Emily Wright in Piratenpartei Zentralschweiz
2019-01-16-18-00-21  Notice   Billing process modified Brandon S. Butler: Created bill 20190116M0000039 for Brandon S. Butler in Piratenpartei Zentralschweiz
2019-01-16-18-00-22  Notice   Billing process modified Donna L. M. Jackson: Created bill 20190116M0000040 for Donna L. M. Jackson in Piratenpartei Zentralschweiz
2019-01-16-18-00-23  Notice   Billing process modified James M. Mitchell: Created bill 20190116M0000041 for James M. Mitchell in Piratenpartei Zentralschweiz
2019-01-16-18-00-23  Notice   Billing task complete
2019-01-16-18-05-17  Notice   Running mailing task
2019-01-16-18-05-17  Notice   Mailing task complete
2019-01-16-18-05-17  Notice   Running billing task
2019-01-16-18-05-20  Notice   Billing process modified William King: Created bill 20190116M0000042 for William King in Piratenpartei Zentralschweiz
2019-01-16-18-05-21  Notice   Billing process modified Susan Barnes: Created bill 20190116M0000043 for Susan Barnes in Piratenpartei Zentralschweiz
2019-01-16-18-05-22  Notice   Billing process modified Sandra K. S. Ramirez: Created bill 20190116M0000044 for Sandra K. S. Ramirez in Piratenpartei Zentralschweiz
2019-01-16-18-05-23  Notice   Billing process modified Michael Gray: Created bill 20190116M0000045 for Michael Gray in Piratenpartei Zentralschweiz
2019-01-16-18-05-24  Notice   Billing process modified Ruth Clark: Created bill 20190116M0000046 for Ruth Clark in Piratenpartei Zentralschweiz
2019-01-16-18-05-24  Notice   Billing task complete
2019-01-16-18-10-18  Notice   Running mailing task
2019-01-16-18-10-18  Notice   Mailing task complete
2019-01-16-18-10-18  Notice   Running billing task
2019-01-16-18-10-21  Notice   Billing process modified Andrew J. D. Hall: Created bill 20190116M0000047 for Andrew J. D. Hall in Piratenpartei Zentralschweiz
2019-01-16-18-10-22  Notice   Billing process modified Amanda Phillips: Created bill 20190116M0000048 for Amanda Phillips in Piratenpartei Zentralschweiz
2019-01-16-18-10-23  Notice   Billing process modified Stephanie Anderson: Created bill 20190116M0000049 for Stephanie Anderson in Piratenpartei Zentralschweiz
2019-01-16-18-10-24  Notice   Billing process modified Joseph P. J. Parker: Created bill 20190116M0000050 for Joseph P. J. Parker in Piratenpartei Zentralschweiz
2019-01-16-18-10-25  Notice   Billing process modified Gary S. C. Wood: Created bill 20190116M0000051 for Gary S. C. Wood in Piratenpartei Zentralschweiz
2019-01-16-18-10-25  Notice   Billing task complete
2019-01-16-18-15-18  Notice   Running mailing task
2019-01-16-18-15-18  Notice   Mailing task complete
2019-01-16-18-15-18  Notice   Running billing task
2019-01-16-18-15-21  Notice   Billing process modified Karen Rogers: Created bill 20190116M0000052 for Karen Rogers in Piratenpartei Zentralschweiz
2019-01-16-18-15-22  Notice   Billing process modified Donna Price: Created bill 20190116M0000053 for Donna Price in Piratenpartei Zentralschweiz
2019-01-16-18-15-23  Notice   Billing process modified Kevin Gray: Created bill 20190116M0000054 for Kevin Gray in Piratenpartei Zentralschweiz
2019-01-16-18-15-24  Notice   Billing process modified Jeffrey Thomas: Created bill 20190116M0000055 for Jeffrey Thomas in Piratenpartei Zentralschweiz
2019-01-16-18-15-25  Notice   Billing process modified Angela Davis: Created bill 20190116M0000056 for Angela Davis in Piratenpartei Zentralschweiz
2019-01-16-18-15-25  Notice   Billing task complete
2019-01-16-18-20-18  Notice   Running mailing task
2019-01-16-18-20-18  Notice   Mailing task complete
2019-01-16-18-20-18  Notice   Running billing task
2019-01-16-18-20-21  Notice   Billing process modified Elizabeth Rogers: Created bill 20190116M0000057 for Elizabeth Rogers in Piratenpartei Zentralschweiz
2019-01-16-18-20-22  Notice   Billing process modified Brandon Sanchez: Created bill 20190116M0000058 for Brandon Sanchez in Piratenpartei Zentralschweiz
2019-01-16-18-20-23  Notice   Billing process modified George Martinez: Created bill 20190116M0000059 for George Martinez in Piratenpartei Zentralschweiz
2019-01-16-18-20-24  Notice   Billing process modified Paul Campbell: Created bill 20190116M0000060 for Paul Campbell in Piratenpartei Zentralschweiz
2019-01-16-18-20-26  Notice   Billing process modified Helen S. Roberts: Created bill 20190116M0000061 for Helen S. Roberts in Piratenpartei Zentralschweiz
2019-01-16-18-20-26  Notice   Billing task complete
2019-01-16-18-25-19  Notice   Running mailing task
2019-01-16-18-25-19  Notice   Mailing task complete
2019-01-16-18-25-19  Notice   Running billing task
2019-01-16-18-25-21  Notice   Billing process modified Thomas Alexander: Created bill 20190116M0000062 for Thomas Alexander in Piratenpartei Zentralschweiz
2019-01-16-18-25-22  Notice   Billing process modified Elizabeth A. Murphy: Created bill 20190116M0000063 for Elizabeth A. Murphy in Piratenpartei Zentralschweiz
2019-01-16-18-25-24  Notice   Billing process modified Brandon Lopez: Created bill 20190116M0000064 for Brandon Lopez in Piratenpartei Zentralschweiz
2019-01-16-18-25-25  Notice   Billing process modified Eric J. R. Smith: Created bill 20190116M0000065 for Eric J. R. Smith in Piratenpartei Zentralschweiz
2019-01-16-18-25-26  Notice   Billing process modified Betty B. Walker: Created bill 20190116M0000066 for Betty B. Walker in Piratenpartei Zentralschweiz
2019-01-16-18-25-26  Notice   Billing task complete
2019-01-16-18-30-19  Notice   Running mailing task
2019-01-16-18-30-19  Notice   Mailing task complete
2019-01-16-18-30-19  Notice   Running billing task
2019-01-16-18-30-22  Notice   Billing process modified Jonathan Wilson: Created bill 20190116M0000067 for Jonathan Wilson in Piratenpartei Zentralschweiz
2019-01-16-18-30-23  Notice   Billing process modified Larry Garcia: Created bill 20190116M0000068 for Larry Garcia in Piratenpartei Zentralschweiz
2019-01-16-18-30-24  Notice   Billing process modified Stephen Rodriguez: Created bill 20190116M0000069 for Stephen Rodriguez in Piratenpartei Zentralschweiz
2019-01-16-18-30-25  Notice   Billing process modified Larry E. Bennett: Created bill 20190116M0000070 for Larry E. Bennett in Piratenpartei Zentralschweiz
2019-01-16-18-30-26  Notice   Billing process modified Thomas Campbell: Created bill 20190116M0000071 for Thomas Campbell in Piratenpartei Zentralschweiz
2019-01-16-18-30-26  Notice   Billing task complete
2019-01-16-18-35-20  Notice   Running mailing task
2019-01-16-18-35-20  Notice   Mailing task complete
2019-01-16-18-35-20  Notice   Running billing task
2019-01-16-18-35-23  Notice   Billing process modified Sharon M. R. Morgan: Created bill 20190116M0000072 for Sharon M. R. Morgan in Piratenpartei Zentralschweiz
2019-01-16-18-35-24  Notice   Billing process modified Gary C. Wright: Created bill 20190116M0000073 for Gary C. Wright in Piratenpartei Zentralschweiz
2019-01-16-18-35-25  Notice   Billing process modified David R. Perry: Created bill 20190116M0000074 for David R. Perry in Piratenpartei Zentralschweiz
2019-01-16-18-35-26  Notice   Billing process modified Richard Rivera: Created bill 20190116M0000075 for Richard Rivera in Piratenpartei Zentralschweiz
2019-01-16-18-35-27  Notice   Billing process modified Stephanie Kelly: Created bill 20190116M0000076 for Stephanie Kelly in Piratenpartei Zentralschweiz
2019-01-16-18-35-27  Notice   Billing task complete
