2019-01-16-17-31-19  Notice   Starting Nancy on http://localhost:8888
2019-01-16-17-31-31  Notice   Application started
2019-01-16-17-31-31  Notice   Running mailing task
2019-01-16-17-31-31  Notice   Mailing task complete
2019-01-16-17-31-31  Notice   Running billing task
2019-01-16-17-31-33  Notice   Billing process modified Kenneth Alexander: Created bill 20190116M0000007 for Kenneth Alexander in Piratenpartei Zentralschweiz
2019-01-16-17-31-34  Notice   Billing process modified Edward W. Powell: Created bill 20190116M0000008 for Edward W. Powell in Piratenpartei Zentralschweiz
2019-01-16-17-31-35  Notice   Billing process modified Nicole L. J. Peterson: Created bill 20190116M0000009 for Nicole L. J. Peterson in Piratenpartei Zentralschweiz
2019-01-16-17-31-36  Notice   Billing process modified Cynthia L. Murphy: Created bill 20190116M0000010 for Cynthia L. Murphy in Piratenpartei Zentralschweiz
2019-01-16-17-31-37  Notice   Billing process modified Charles G. D. Lopez: Created bill 20190116M0000011 for Charles G. D. Lopez in Piratenpartei Zentralschweiz
2019-01-16-17-31-37  Notice   Billing task complete
2019-01-16-17-31-40  Notice   User admin id e9e10edf-01c6-4d01-ac73-86bc7be6966d logged in.
2019-01-16-17-31-56  Verbose  Sending message to "admin" <>
2019-01-16-17-31-58  Verbose  Connected to mail server mail.savvy.ch:587
2019-01-16-17-31-58  Error    Error sending mail to "admin" <>
2019-01-16-17-31-58  Error    MailKit.Net.Smtp.SmtpCommandException: 5.1.3 Bad recipient address syntax
2019-01-16-17-31-58  Error    at MailKit.Net.Smtp.SmtpClient.OnRecipientNotAccepted (MimeKit.MimeMessage message, MimeKit.MailboxAddress mailbox, MailKit.Net.Smtp.SmtpResponse response) [0x00013] in <1725046bb13a456591705d9d771b9e7c>:0
2019-01-16-17-31-58  Error    at MailKit.Net.Smtp.SmtpClient.ProcessRcptToResponse (MimeKit.MimeMessage message, MimeKit.MailboxAddress mailbox, MailKit.Net.Smtp.SmtpResponse response) [0x00031] in <1725046bb13a456591705d9d771b9e7c>:0
2019-01-16-17-31-58  Error    at MailKit.Net.Smtp.SmtpClient.FlushCommandQueueAsync (MimeKit.MimeMessage message, MimeKit.MailboxAddress sender, System.Collections.Generic.IList`1[T] recipients, System.Boolean doAsync, System.Threading.CancellationToken cancellationToken) [0x00209] in <1725046bb13a456591705d9d771b9e7c>:0
2019-01-16-17-31-58  Error    at MailKit.Net.Smtp.SmtpClient.SendAsync (MimeKit.FormatOptions options, MimeKit.MimeMessage message, MimeKit.MailboxAddress sender, System.Collections.Generic.IList`1[T] recipients, System.Boolean doAsync, System.Threading.CancellationToken cancellationToken, MailKit.ITransferProgress progress) [0x00385] in <1725046bb13a456591705d9d771b9e7c>:0
2019-01-16-17-31-58  Error    at MailKit.Net.Smtp.SmtpClient.SendAsync (MimeKit.FormatOptions options, MimeKit.MimeMessage message, MimeKit.MailboxAddress sender, System.Collections.Generic.IList`1[T] recipients, System.Boolean doAsync, System.Threading.CancellationToken cancellationToken, MailKit.ITransferProgress progress) [0x00596] in <1725046bb13a456591705d9d771b9e7c>:0
2019-01-16-17-31-58  Error    at MailKit.Net.Smtp.SmtpClient.Send (MimeKit.FormatOptions options, MimeKit.MimeMessage message, System.Threading.CancellationToken cancellationToken, MailKit.ITransferProgress progress) [0x0005f] in <1725046bb13a456591705d9d771b9e7c>:0
2019-01-16-17-31-58  Error    at MailKit.MailTransport.Send (MimeKit.MimeMessage message, System.Threading.CancellationToken cancellationToken, MailKit.ITransferProgress progress) [0x00000] in <1725046bb13a456591705d9d771b9e7c>:0
2019-01-16-17-31-58  Error    at Quaestur.Mailer.Send (MimeKit.InternetAddress from, MimeKit.InternetAddress to, Quaestur.GpgKeyInfo key, System.String subject, MimeKit.MimePart[] parts) [0x0012b] in /Dev/Code/Quaestur/Quaestur/Infrastructure/Mailer.cs:148
