2019-01-10-22-22-12  Notice   Starting Nancy on http://localhost:8888
2019-01-10-22-22-23  Notice   Application started
2019-01-10-22-22-23  Notice   Running mailing task
2019-01-10-22-22-23  Notice   Mailing task complete
2019-01-10-22-22-27  Notice   User admin id 558ac178-9d9a-420c-bf0c-4f293355077b logged in.
2019-01-10-22-22-39  Notice   admin modified Kenneth Alexander: Changed bill 42143124XA
2019-01-10-22-27-23  Notice   Running mailing task
2019-01-10-22-27-23  Notice   Mailing task complete
2019-01-10-22-32-23  Notice   Running mailing task
2019-01-10-22-32-23  Notice   Mailing task complete
2019-01-10-22-37-23  Notice   Running mailing task
2019-01-10-22-37-23  Notice   Mailing task complete
2019-01-10-22-42-23  Notice   Running mailing task
2019-01-10-22-42-23  Notice   Mailing task complete
2019-01-10-22-47-23  Notice   Running mailing task
2019-01-10-22-47-23  Notice   Mailing task complete
2019-01-10-22-52-23  Notice   Running mailing task
2019-01-10-22-52-23  Notice   Mailing task complete
2019-01-10-22-57-23  Notice   Running mailing task
2019-01-10-22-57-23  Notice   Mailing task complete
2019-01-10-23-02-23  Notice   Running mailing task
2019-01-10-23-02-23  Notice   Mailing task complete
2019-01-10-23-07-23  Notice   Running mailing task
2019-01-10-23-07-23  Notice   Mailing task complete
2019-01-10-23-12-23  Notice   Running mailing task
2019-01-10-23-12-23  Notice   Mailing task complete
2019-01-10-23-17-24  Notice   Running mailing task
2019-01-10-23-17-24  Notice   Mailing task complete
2019-01-10-23-22-24  Notice   Running mailing task
2019-01-10-23-22-24  Notice   Mailing task complete
2019-01-10-23-27-24  Notice   Running mailing task
2019-01-10-23-27-24  Notice   Mailing task complete
2019-01-10-23-32-24  Notice   Running mailing task
2019-01-10-23-32-24  Notice   Mailing task complete
2019-01-10-23-37-24  Notice   Running mailing task
2019-01-10-23-37-24  Notice   Mailing task complete
2019-01-10-23-42-24  Notice   Running mailing task
2019-01-10-23-42-24  Notice   Mailing task complete
2019-01-10-23-47-24  Notice   Running mailing task
2019-01-10-23-47-24  Notice   Mailing task complete
2019-01-10-23-52-24  Notice   Running mailing task
2019-01-10-23-52-24  Notice   Mailing task complete
2019-01-10-23-57-24  Notice   Running mailing task
2019-01-10-23-57-24  Notice   Mailing task complete
2019-01-11-00-02-24  Notice   Running mailing task
2019-01-11-00-02-24  Notice   Mailing task complete
2019-01-11-00-07-24  Notice   Running mailing task
2019-01-11-00-07-24  Notice   Mailing task complete
2019-01-11-00-12-24  Notice   Running mailing task
2019-01-11-00-12-24  Notice   Mailing task complete
2019-01-11-00-17-24  Notice   Running mailing task
2019-01-11-00-17-24  Notice   Mailing task complete
2019-01-11-00-22-24  Notice   Running mailing task
2019-01-11-00-22-24  Notice   Mailing task complete
2019-01-11-00-27-24  Notice   Running mailing task
2019-01-11-00-27-24  Notice   Mailing task complete
2019-01-11-00-32-24  Notice   Running mailing task
2019-01-11-00-32-24  Notice   Mailing task complete
2019-01-11-00-37-24  Notice   Running mailing task
2019-01-11-00-37-24  Notice   Mailing task complete
2019-01-11-00-42-24  Notice   Running mailing task
2019-01-11-00-42-24  Notice   Mailing task complete
2019-01-11-00-47-24  Notice   Running mailing task
2019-01-11-00-47-24  Notice   Mailing task complete
2019-01-11-00-52-24  Notice   Running mailing task
2019-01-11-00-52-24  Notice   Mailing task complete
2019-01-11-00-57-24  Notice   Running mailing task
2019-01-11-00-57-24  Notice   Mailing task complete
2019-01-11-01-02-24  Notice   Running mailing task
2019-01-11-01-02-24  Notice   Mailing task complete
2019-01-11-01-07-25  Notice   Running mailing task
2019-01-11-01-07-25  Notice   Mailing task complete
2019-01-11-01-12-25  Notice   Running mailing task
2019-01-11-01-12-25  Notice   Mailing task complete
2019-01-11-01-17-25  Notice   Running mailing task
2019-01-11-01-17-25  Notice   Mailing task complete
2019-01-11-01-22-25  Notice   Running mailing task
2019-01-11-01-22-25  Notice   Mailing task complete
2019-01-11-01-27-25  Notice   Running mailing task
2019-01-11-01-27-25  Notice   Mailing task complete
2019-01-11-01-32-25  Notice   Running mailing task
2019-01-11-01-32-25  Notice   Mailing task complete
2019-01-11-01-37-25  Notice   Running mailing task
2019-01-11-01-37-25  Notice   Mailing task complete
2019-01-11-01-42-25  Notice   Running mailing task
2019-01-11-01-42-25  Notice   Mailing task complete
2019-01-11-01-47-25  Notice   Running mailing task
2019-01-11-01-47-25  Notice   Mailing task complete
2019-01-11-01-52-25  Notice   Running mailing task
2019-01-11-01-52-25  Notice   Mailing task complete
2019-01-11-01-57-25  Notice   Running mailing task
2019-01-11-01-57-25  Notice   Mailing task complete
2019-01-11-02-02-25  Notice   Running mailing task
2019-01-11-02-02-25  Notice   Mailing task complete
2019-01-11-02-07-25  Notice   Running mailing task
2019-01-11-02-07-25  Notice   Mailing task complete
2019-01-11-02-12-25  Notice   Running mailing task
2019-01-11-02-12-25  Notice   Mailing task complete
2019-01-11-02-17-25  Notice   Running mailing task
2019-01-11-02-17-25  Notice   Mailing task complete
2019-01-11-02-22-25  Notice   Running mailing task
2019-01-11-02-22-25  Notice   Mailing task complete
2019-01-11-02-27-25  Notice   Running mailing task
2019-01-11-02-27-25  Notice   Mailing task complete
2019-01-11-02-32-25  Notice   Running mailing task
2019-01-11-02-32-25  Notice   Mailing task complete
2019-01-11-02-37-25  Notice   Running mailing task
2019-01-11-02-37-25  Notice   Mailing task complete
2019-01-11-02-42-25  Notice   Running mailing task
2019-01-11-02-42-25  Notice   Mailing task complete
2019-01-11-02-47-25  Notice   Running mailing task
2019-01-11-02-47-25  Notice   Mailing task complete
2019-01-11-02-52-25  Notice   Running mailing task
2019-01-11-02-52-25  Notice   Mailing task complete
2019-01-11-02-57-26  Notice   Running mailing task
2019-01-11-02-57-26  Notice   Mailing task complete
2019-01-11-03-02-26  Notice   Running mailing task
2019-01-11-03-02-26  Notice   Mailing task complete
2019-01-11-03-07-26  Notice   Running mailing task
2019-01-11-03-07-26  Notice   Mailing task complete
2019-01-11-03-12-26  Notice   Running mailing task
2019-01-11-03-12-26  Notice   Mailing task complete
2019-01-11-03-17-26  Notice   Running mailing task
2019-01-11-03-17-26  Notice   Mailing task complete
2019-01-11-03-22-26  Notice   Running mailing task
2019-01-11-03-22-26  Notice   Mailing task complete
2019-01-11-03-27-26  Notice   Running mailing task
2019-01-11-03-27-26  Notice   Mailing task complete
2019-01-11-03-32-26  Notice   Running mailing task
2019-01-11-03-32-26  Notice   Mailing task complete
2019-01-11-03-37-26  Notice   Running mailing task
2019-01-11-03-37-26  Notice   Mailing task complete
2019-01-11-03-42-26  Notice   Running mailing task
2019-01-11-03-42-26  Notice   Mailing task complete
2019-01-11-03-47-26  Notice   Running mailing task
2019-01-11-03-47-26  Notice   Mailing task complete
2019-01-11-03-52-26  Notice   Running mailing task
2019-01-11-03-52-26  Notice   Mailing task complete
2019-01-11-03-57-26  Notice   Running mailing task
2019-01-11-03-57-26  Notice   Mailing task complete
2019-01-11-04-02-26  Notice   Running mailing task
2019-01-11-04-02-26  Notice   Mailing task complete
2019-01-11-04-07-26  Notice   Running mailing task
2019-01-11-04-07-26  Notice   Mailing task complete
2019-01-11-04-12-26  Notice   Running mailing task
2019-01-11-04-12-26  Notice   Mailing task complete
2019-01-11-04-17-26  Notice   Running mailing task
2019-01-11-04-17-26  Notice   Mailing task complete
2019-01-11-04-22-26  Notice   Running mailing task
2019-01-11-04-22-26  Notice   Mailing task complete
2019-01-11-04-27-26  Notice   Running mailing task
2019-01-11-04-27-26  Notice   Mailing task complete
2019-01-11-04-32-26  Notice   Running mailing task
2019-01-11-04-32-26  Notice   Mailing task complete
2019-01-11-04-37-26  Notice   Running mailing task
2019-01-11-04-37-26  Notice   Mailing task complete
2019-01-11-04-42-26  Notice   Running mailing task
2019-01-11-04-42-26  Notice   Mailing task complete
2019-01-11-04-47-26  Notice   Running mailing task
2019-01-11-04-47-26  Notice   Mailing task complete
2019-01-11-04-52-27  Notice   Running mailing task
2019-01-11-04-52-27  Notice   Mailing task complete
2019-01-11-04-57-27  Notice   Running mailing task
2019-01-11-04-57-27  Notice   Mailing task complete
2019-01-11-05-02-27  Notice   Running mailing task
2019-01-11-05-02-27  Notice   Mailing task complete
2019-01-11-05-07-27  Notice   Running mailing task
2019-01-11-05-07-27  Notice   Mailing task complete
2019-01-11-05-12-27  Notice   Running mailing task
2019-01-11-05-12-27  Notice   Mailing task complete
2019-01-11-05-17-27  Notice   Running mailing task
2019-01-11-05-17-27  Notice   Mailing task complete
2019-01-11-05-22-27  Notice   Running mailing task
2019-01-11-05-22-27  Notice   Mailing task complete
2019-01-11-05-27-27  Notice   Running mailing task
2019-01-11-05-27-27  Notice   Mailing task complete
2019-01-11-05-32-27  Notice   Running mailing task
2019-01-11-05-32-27  Notice   Mailing task complete
2019-01-11-05-37-27  Notice   Running mailing task
2019-01-11-05-37-27  Notice   Mailing task complete
2019-01-11-05-42-27  Notice   Running mailing task
2019-01-11-05-42-27  Notice   Mailing task complete
2019-01-11-05-47-27  Notice   Running mailing task
2019-01-11-05-47-27  Notice   Mailing task complete
2019-01-11-05-52-27  Notice   Running mailing task
2019-01-11-05-52-27  Notice   Mailing task complete
2019-01-11-05-57-27  Notice   Running mailing task
2019-01-11-05-57-27  Notice   Mailing task complete
2019-01-11-06-02-27  Notice   Running mailing task
2019-01-11-06-02-27  Notice   Mailing task complete
2019-01-11-06-07-27  Notice   Running mailing task
2019-01-11-06-07-27  Notice   Mailing task complete
2019-01-11-06-12-27  Notice   Running mailing task
2019-01-11-06-12-27  Notice   Mailing task complete
2019-01-11-06-17-27  Notice   Running mailing task
2019-01-11-06-17-27  Notice   Mailing task complete
2019-01-11-06-22-27  Notice   Running mailing task
2019-01-11-06-22-27  Notice   Mailing task complete
2019-01-11-06-27-27  Notice   Running mailing task
2019-01-11-06-27-27  Notice   Mailing task complete
2019-01-11-06-32-27  Notice   Running mailing task
2019-01-11-06-32-27  Notice   Mailing task complete
2019-01-11-06-37-27  Notice   Running mailing task
2019-01-11-06-37-27  Notice   Mailing task complete
2019-01-11-06-42-28  Notice   Running mailing task
2019-01-11-06-42-28  Notice   Mailing task complete
2019-01-11-06-47-28  Notice   Running mailing task
2019-01-11-06-47-28  Notice   Mailing task complete
2019-01-11-06-52-28  Notice   Running mailing task
2019-01-11-06-52-28  Notice   Mailing task complete
2019-01-11-06-57-28  Notice   Running mailing task
2019-01-11-06-57-28  Notice   Mailing task complete
2019-01-11-07-02-28  Notice   Running mailing task
2019-01-11-07-02-28  Notice   Mailing task complete
2019-01-11-07-07-28  Notice   Running mailing task
2019-01-11-07-07-28  Notice   Mailing task complete
2019-01-11-07-12-28  Notice   Running mailing task
2019-01-11-07-12-28  Notice   Mailing task complete
2019-01-11-07-17-28  Notice   Running mailing task
2019-01-11-07-17-28  Notice   Mailing task complete
2019-01-11-07-22-28  Notice   Running mailing task
2019-01-11-07-22-28  Notice   Mailing task complete
2019-01-11-07-27-28  Notice   Running mailing task
2019-01-11-07-27-28  Notice   Mailing task complete
2019-01-11-07-32-28  Notice   Running mailing task
2019-01-11-07-32-28  Notice   Mailing task complete
2019-01-11-07-37-28  Notice   Running mailing task
2019-01-11-07-37-28  Notice   Mailing task complete
2019-01-11-07-42-28  Notice   Running mailing task
2019-01-11-07-42-28  Notice   Mailing task complete
2019-01-11-07-47-28  Notice   Running mailing task
2019-01-11-07-47-28  Notice   Mailing task complete
2019-01-11-07-52-28  Notice   Running mailing task
2019-01-11-07-52-28  Notice   Mailing task complete
2019-01-11-07-57-28  Notice   Running mailing task
2019-01-11-07-57-28  Notice   Mailing task complete
2019-01-11-08-02-28  Notice   Running mailing task
2019-01-11-08-02-28  Notice   Mailing task complete
2019-01-11-08-07-28  Notice   Running mailing task
2019-01-11-08-07-28  Notice   Mailing task complete
2019-01-11-08-12-28  Notice   Running mailing task
2019-01-11-08-12-28  Notice   Mailing task complete
2019-01-11-08-17-28  Notice   Running mailing task
2019-01-11-08-17-28  Notice   Mailing task complete
2019-01-11-08-22-28  Notice   Running mailing task
2019-01-11-08-22-28  Notice   Mailing task complete
2019-01-11-08-27-28  Notice   Running mailing task
2019-01-11-08-27-28  Notice   Mailing task complete
