2019-01-16-18-49-04  Notice   Starting Nancy on http://localhost:8888
2019-01-16-18-49-16  Notice   Application started
2019-01-16-18-49-16  Notice   Running mailing task
2019-01-16-18-49-16  Notice   Mailing task complete
2019-01-16-18-49-16  Notice   Running billing task
2019-01-16-18-49-19  Notice   Billing process modified Sarah Torres: Created bill 20190116M0000082 for Sarah Torres in Piratenpartei Zentralschweiz
2019-01-16-18-49-20  Notice   User admin id e9e10edf-01c6-4d01-ac73-86bc7be6966d logged in.
2019-01-16-18-49-20  Notice   Billing process modified Amanda Gonzales: Created bill 20190116M0000083 for Amanda Gonzales in Piratenpartei Zentralschweiz
2019-01-16-18-49-22  Notice   Billing process modified Deborah L. Thompson: Created bill 20190116M0000084 for Deborah L. Thompson in Piratenpartei Zentralschweiz
2019-01-16-18-49-23  Notice   Billing process modified Carol Young: Created bill 20190116M0000085 for Carol Young in Piratenpartei Zentralschweiz
2019-01-16-18-49-24  Notice   Billing process modified James N. Bennett: Created bill 20190116M0000086 for James N. Bennett in Piratenpartei Zentralschweiz
2019-01-16-18-49-24  Notice   Billing task complete
2019-01-16-18-51-02  Verbose  Sending message to "admin" <stefan@savvy.ch>
2019-01-16-18-51-02  Verbose  Connected to mail server mail.savvy.ch:587
2019-01-16-18-51-03  Info     Message sent to "admin" <stefan@savvy.ch>
2019-01-16-18-51-41  Verbose  Sending message to "admin" <stefan@savvy.ch>
2019-01-16-18-51-41  Verbose  Connected to mail server mail.savvy.ch:587
2019-01-16-18-51-41  Info     Message sent to "admin" <stefan@savvy.ch>
2019-01-16-18-52-49  Verbose  Sending message to "admin" <stefan@savvy.ch>
2019-01-16-18-52-49  Verbose  Connected to mail server mail.savvy.ch:587
2019-01-16-18-52-49  Info     Message sent to "admin" <stefan@savvy.ch>
2019-01-16-18-54-05  Verbose  Sending message to "admin" <stefan@savvy.ch>
2019-01-16-18-54-05  Verbose  Connected to mail server mail.savvy.ch:587
2019-01-16-18-54-05  Info     Message sent to "admin" <stefan@savvy.ch>
2019-01-16-18-54-16  Notice   Running mailing task
2019-01-16-18-54-16  Notice   Mailing task complete
2019-01-16-18-54-16  Notice   Running billing task
2019-01-16-18-54-20  Notice   Billing process modified Michael T. Morris: Created bill 20190116M0000087 for Michael T. Morris in Piratenpartei Zentralschweiz
2019-01-16-18-54-21  Notice   Billing process modified Steven Brooks: Created bill 20190116M0000088 for Steven Brooks in Piratenpartei Zentralschweiz
2019-01-16-18-54-22  Notice   Billing process modified Michelle Perez: Created bill 20190116M0000089 for Michelle Perez in Piratenpartei Zentralschweiz
2019-01-16-18-54-23  Notice   Billing process modified Donna Long: Created bill 20190116M0000090 for Donna Long in Piratenpartei Zentralschweiz
2019-01-16-18-54-24  Notice   Billing process modified Kevin Simmons: Created bill 20190116M0000091 for Kevin Simmons in Piratenpartei Zentralschweiz
2019-01-16-18-54-24  Notice   Billing task complete
2019-01-16-18-54-59  Verbose  Sending message to "admin" <stefan@savvy.ch>
2019-01-16-18-54-59  Verbose  Connected to mail server mail.savvy.ch:587
2019-01-16-18-54-59  Info     Message sent to "admin" <stefan@savvy.ch>
2019-01-16-18-59-17  Notice   Running mailing task
2019-01-16-18-59-17  Notice   Mailing task complete
2019-01-16-18-59-17  Notice   Running billing task
2019-01-16-18-59-21  Notice   Billing process modified Sandra Perry: Created bill 20190116M0000092 for Sandra Perry in Piratenpartei Zentralschweiz
2019-01-16-18-59-22  Notice   Billing process modified Anna H. Thomas: Created bill 20190116M0000093 for Anna H. Thomas in Piratenpartei Zentralschweiz
2019-01-16-18-59-23  Notice   Billing process modified Timothy C. S. Nelson: Created bill 20190116M0000094 for Timothy C. S. Nelson in Piratenpartei Zentralschweiz
2019-01-16-18-59-25  Notice   Billing process modified Brenda Phillips: Created bill 20190116M0000095 for Brenda Phillips in Piratenpartei Zentralschweiz
2019-01-16-18-59-26  Notice   Billing process modified Laura B. Young: Created bill 20190116M0000096 for Laura B. Young in Piratenpartei Zentralschweiz
2019-01-16-18-59-26  Notice   Billing task complete
2019-01-16-18-59-29  Verbose  Sending message to "admin" <stefan@savvy.ch>
2019-01-16-18-59-29  Verbose  Connected to mail server mail.savvy.ch:587
2019-01-16-18-59-29  Info     Message sent to "admin" <stefan@savvy.ch>
2019-01-16-19-04-18  Notice   Running mailing task
2019-01-16-19-04-18  Notice   Mailing task complete
2019-01-16-19-04-18  Notice   Running billing task
2019-01-16-19-04-22  Notice   Billing process modified Laura Johnson: Created bill 20190116M0000097 for Laura Johnson in Piratenpartei Zentralschweiz
2019-01-16-19-04-23  Notice   Billing process modified John A. B. Ross: Created bill 20190116M0000098 for John A. B. Ross in Piratenpartei Zentralschweiz
2019-01-16-19-04-24  Notice   Billing process modified Donald Parker: Created bill 20190116M0000099 for Donald Parker in Piratenpartei Zentralschweiz
2019-01-16-19-04-25  Notice   Billing process modified Kevin D. B. Jackson: Created bill 20190116M0000100 for Kevin D. B. Jackson in Piratenpartei Zentralschweiz
2019-01-16-19-04-26  Notice   Billing process modified Matthew Rivera: Created bill 20190116M0000101 for Matthew Rivera in Piratenpartei Zentralschweiz
2019-01-16-19-04-26  Notice   Billing task complete
2019-01-16-19-06-20  Verbose  Sending message to "admin" <stefan@savvy.ch>
2019-01-16-19-06-20  Verbose  Connected to mail server mail.savvy.ch:587
2019-01-16-19-06-20  Info     Message sent to "admin" <stefan@savvy.ch>
2019-01-16-19-06-36  Verbose  Sending message to "admin" <stefan@savvy.ch>
2019-01-16-19-06-36  Verbose  Connected to mail server mail.savvy.ch:587
2019-01-16-19-06-36  Info     Message sent to "admin" <stefan@savvy.ch>
2019-01-16-19-06-49  Verbose  Sending message to "admin" <stefan@savvy.ch>
2019-01-16-19-06-49  Verbose  Connected to mail server mail.savvy.ch:587
2019-01-16-19-06-49  Info     Message sent to "admin" <stefan@savvy.ch>
2019-01-16-19-07-40  Verbose  Sending message to "admin" <stefan@savvy.ch>
2019-01-16-19-07-40  Verbose  Connected to mail server mail.savvy.ch:587
2019-01-16-19-07-41  Info     Message sent to "admin" <stefan@savvy.ch>
2019-01-16-19-08-10  Verbose  Sending message to "admin" <stefan@savvy.ch>
2019-01-16-19-08-10  Verbose  Connected to mail server mail.savvy.ch:587
2019-01-16-19-08-10  Info     Message sent to "admin" <stefan@savvy.ch>
2019-01-16-19-09-18  Notice   Running mailing task
2019-01-16-19-09-18  Notice   Mailing task complete
2019-01-16-19-09-18  Notice   Running billing task
2019-01-16-19-09-22  Notice   Billing process modified Jacob Sanders: Created bill 20190116M0000102 for Jacob Sanders in Piratenpartei Zentralschweiz
2019-01-16-19-09-23  Notice   Billing process modified Anna Carter: Created bill 20190116M0000103 for Anna Carter in Piratenpartei Zentralschweiz
2019-01-16-19-09-25  Notice   Billing process modified Laura K. Lee: Created bill 20190116M0000104 for Laura K. Lee in Piratenpartei Zentralschweiz
2019-01-16-19-09-26  Notice   Billing process modified Margaret D. B. Jackson: Created bill 20190116M0000105 for Margaret D. B. Jackson in Piratenpartei Zentralschweiz
2019-01-16-19-09-27  Notice   Billing process modified Brian N. L. Taylor: Created bill 20190116M0000106 for Brian N. L. Taylor in Piratenpartei Zentralschweiz
2019-01-16-19-09-27  Notice   Billing task complete
2019-01-16-19-09-30  Verbose  Sending message to "admin" <stefan@savvy.ch>
2019-01-16-19-09-30  Verbose  Connected to mail server mail.savvy.ch:587
2019-01-16-19-09-30  Info     Message sent to "admin" <stefan@savvy.ch>
2019-01-16-19-10-00  Verbose  Sending message to "admin" <stefan@savvy.ch>
2019-01-16-19-10-00  Verbose  Connected to mail server mail.savvy.ch:587
2019-01-16-19-10-00  Info     Message sent to "admin" <stefan@savvy.ch>
2019-01-16-19-13-25  Verbose  Sending message to "admin" <stefan@savvy.ch>
2019-01-16-19-13-25  Verbose  Connected to mail server mail.savvy.ch:587
2019-01-16-19-13-25  Info     Message sent to "admin" <stefan@savvy.ch>
2019-01-16-19-14-00  Verbose  Sending message to "admin" <stefan@savvy.ch>
2019-01-16-19-14-00  Verbose  Connected to mail server mail.savvy.ch:587
2019-01-16-19-14-00  Info     Message sent to "admin" <stefan@savvy.ch>
2019-01-16-19-14-19  Notice   Running mailing task
2019-01-16-19-14-19  Notice   Mailing task complete
2019-01-16-19-14-19  Notice   Running billing task
2019-01-16-19-14-23  Notice   Billing process modified Helen M. Bailey: Created bill 20190116M0000107 for Helen M. Bailey in Piratenpartei Zentralschweiz
2019-01-16-19-14-24  Notice   Billing process modified Shirley Jenkins: Created bill 20190116M0000108 for Shirley Jenkins in Piratenpartei Zentralschweiz
2019-01-16-19-14-25  Notice   Billing process modified George R. Roberts: Created bill 20190116M0000109 for George R. Roberts in Piratenpartei Zentralschweiz
2019-01-16-19-14-27  Notice   Billing process modified Shirley A. Edwards: Created bill 20190116M0000110 for Shirley A. Edwards in Piratenpartei Zentralschweiz
2019-01-16-19-14-28  Notice   Billing process modified John B. Hayes: Created bill 20190116M0000111 for John B. Hayes in Piratenpartei Zentralschweiz
2019-01-16-19-14-28  Notice   Billing task complete
2019-01-16-19-14-32  Verbose  Sending message to "admin" <stefan@savvy.ch>
2019-01-16-19-14-32  Verbose  Connected to mail server mail.savvy.ch:587
2019-01-16-19-14-32  Info     Message sent to "admin" <stefan@savvy.ch>
2019-01-16-19-14-48  Verbose  Sending message to "admin" <stefan@savvy.ch>
2019-01-16-19-14-48  Verbose  Connected to mail server mail.savvy.ch:587
2019-01-16-19-14-48  Info     Message sent to "admin" <stefan@savvy.ch>
2019-01-16-19-18-02  Verbose  Sending message to "admin" <stefan@savvy.ch>
2019-01-16-19-18-02  Verbose  Connected to mail server mail.savvy.ch:587
2019-01-16-19-18-03  Info     Message sent to "admin" <stefan@savvy.ch>
2019-01-16-19-18-05  Verbose  Sending message to "admin" <stefan@savvy.ch>
2019-01-16-19-18-05  Verbose  Connected to mail server mail.savvy.ch:587
2019-01-16-19-18-05  Info     Message sent to "admin" <stefan@savvy.ch>
2019-01-16-19-19-20  Notice   Running mailing task
2019-01-16-19-19-20  Notice   Mailing task complete
2019-01-16-19-19-20  Notice   Running billing task
2019-01-16-19-19-24  Notice   Billing process modified Justin D. J. Garcia: Created bill 20190116M0000112 for Justin D. J. Garcia in Piratenpartei Zentralschweiz
2019-01-16-19-19-25  Notice   Billing process modified Jeffrey Rodriguez: Created bill 20190116M0000113 for Jeffrey Rodriguez in Piratenpartei Zentralschweiz
2019-01-16-19-19-26  Notice   Billing process modified George Bell: Created bill 20190116M0000114 for George Bell in Piratenpartei Zentralschweiz
2019-01-16-19-19-27  Notice   Billing process modified Amy A. Ward: Created bill 20190116M0000115 for Amy A. Ward in Piratenpartei Zentralschweiz
2019-01-16-19-19-29  Notice   Billing process modified Brian Stewart: Created bill 20190116M0000116 for Brian Stewart in Piratenpartei Zentralschweiz
2019-01-16-19-19-29  Notice   Billing task complete
2019-01-16-19-19-35  Verbose  Sending message to "admin" <stefan@savvy.ch>
2019-01-16-19-19-35  Verbose  Connected to mail server mail.savvy.ch:587
2019-01-16-19-19-35  Info     Message sent to "admin" <stefan@savvy.ch>
2019-01-16-19-21-58  Verbose  Sending message to "admin" <stefan@savvy.ch>
2019-01-16-19-21-58  Verbose  Connected to mail server mail.savvy.ch:587
2019-01-16-19-21-58  Info     Message sent to "admin" <stefan@savvy.ch>
2019-01-16-19-22-28  Verbose  Sending message to "admin" <stefan@savvy.ch>
2019-01-16-19-22-28  Verbose  Connected to mail server mail.savvy.ch:587
2019-01-16-19-22-28  Info     Message sent to "admin" <stefan@savvy.ch>
2019-01-16-19-22-54  Verbose  Sending message to "admin" <stefan@savvy.ch>
2019-01-16-19-22-54  Verbose  Connected to mail server mail.savvy.ch:587
2019-01-16-19-22-54  Info     Message sent to "admin" <stefan@savvy.ch>
2019-01-16-19-22-57  Verbose  Sending message to "admin" <stefan@savvy.ch>
2019-01-16-19-22-58  Verbose  Connected to mail server mail.savvy.ch:587
2019-01-16-19-22-58  Info     Message sent to "admin" <stefan@savvy.ch>
