2019-01-16-02-36-25  Notice   Starting Nancy on http://localhost:8888
2019-01-16-02-36-36  Notice   Application started
2019-01-16-02-36-36  Notice   Running mailing task
2019-01-16-02-36-36  Notice   Mailing task complete
2019-01-16-02-36-36  Notice   Running billing task
2019-01-16-02-36-37  Notice   Billing task complete
2019-01-16-02-36-44  Notice   User admin id f8cfe241-9ead-47a0-beca-5181bab92362 logged in.
2019-01-16-02-40-38  Notice   admin changed group Piratenpartei Zentralschweiz / Quaestur.MultiLanguageString
2019-01-16-02-40-56  Notice   admin changed group Piratenpartei Zentralschweiz / Quaestur.MultiLanguageString
2019-01-16-02-41-11  Notice   admin changed group Piratenpartei Zentralschweiz / Quaestur.MultiLanguageString
2019-01-16-02-41-37  Notice   Running mailing task
2019-01-16-02-41-37  Notice   Mailing task complete
2019-01-16-02-41-37  Notice   Running billing task
2019-01-16-02-41-37  Notice   Billing task complete
2019-01-16-02-41-44  Notice   admin changed group Piratenpartei Zentralschweiz / Quaestur.MultiLanguageString
2019-01-16-02-46-37  Notice   Running mailing task
2019-01-16-02-46-37  Notice   Mailing task complete
2019-01-16-02-46-37  Notice   Running billing task
2019-01-16-02-46-38  Notice   Billing task complete
2019-01-16-02-50-54  Notice   admin changed group Piratenpartei Zentralschweiz / Quaestur.MultiLanguageString
2019-01-16-02-50-59  Notice   admin changed group Piratenpartei Zentralschweiz / Quaestur.MultiLanguageString
2019-01-16-02-51-04  Notice   admin changed group Piratenpartei Zentralschweiz / Quaestur.MultiLanguageString
2019-01-16-02-51-38  Notice   Running mailing task
2019-01-16-02-51-38  Notice   Mailing task complete
2019-01-16-02-51-38  Notice   Running billing task
2019-01-16-02-51-38  Notice   Billing task complete
2019-01-16-02-56-38  Notice   Running mailing task
2019-01-16-02-56-38  Notice   Mailing task complete
2019-01-16-02-56-38  Notice   Running billing task
2019-01-16-02-56-39  Notice   Billing task complete
2019-01-16-03-01-39  Notice   Running mailing task
2019-01-16-03-01-39  Notice   Mailing task complete
2019-01-16-03-01-39  Notice   Running billing task
2019-01-16-03-01-39  Notice   Billing task complete
2019-01-16-03-06-39  Notice   Running mailing task
