2019-01-06-09-11-18  Notice   Starting Nancy on http://localhost:8888
2019-01-06-09-11-29  Notice   Application started
2019-01-06-09-11-29  Notice   Running mailing task
2019-01-06-09-11-29  Notice   Mailing task complete
2019-01-06-09-16-29  Notice   Running mailing task
2019-01-06-09-16-31  Notice   Mailing Einladung PV 19.1 is now sending 222 mails
2019-01-06-09-16-31  Notice   Mailing task complete
2019-01-06-09-21-29  Notice   Running mailing task
2019-01-06-09-21-30  Verbose  Sending message to ServiceAddress stefan+sarah.cook@savvy.ch
2019-01-06-09-21-30  Verbose  Connected to mail server mail.savvy.ch:587
2019-01-06-09-21-30  Info     Message sent to ServiceAddress stefan+sarah.cook@savvy.ch
2019-01-06-09-21-30  Verbose  Sending message to ServiceAddress stefan+jacob.howard@savvy.ch
2019-01-06-09-21-30  Verbose  Connected to mail server mail.savvy.ch:587
2019-01-06-09-21-31  Info     Message sent to ServiceAddress stefan+jacob.howard@savvy.ch
2019-01-06-09-21-31  Verbose  Sending message to ServiceAddress stefan+laura.long@savvy.ch
2019-01-06-09-21-31  Verbose  Connected to mail server mail.savvy.ch:587
2019-01-06-09-21-31  Info     Message sent to ServiceAddress stefan+laura.long@savvy.ch
2019-01-06-09-21-31  Verbose  Sending message to ServiceAddress stefan+amy.watson@savvy.ch
2019-01-06-09-21-31  Verbose  Connected to mail server mail.savvy.ch:587
2019-01-06-09-21-31  Info     Message sent to ServiceAddress stefan+amy.watson@savvy.ch
2019-01-06-09-21-31  Verbose  Sending message to ServiceAddress stefan+nancy.gonzales@savvy.ch
2019-01-06-09-21-31  Verbose  Connected to mail server mail.savvy.ch:587
2019-01-06-09-21-31  Info     Message sent to ServiceAddress stefan+nancy.gonzales@savvy.ch
2019-01-06-09-21-31  Notice   Mailing Einladung PV 19.1 needs to send 217 more mails
2019-01-06-09-21-31  Notice   Mailing task complete
2019-01-06-09-26-29  Notice   Running mailing task
2019-01-06-09-26-30  Verbose  Sending message to ServiceAddress stefan+kenneth.alexander@savvy.ch
2019-01-06-09-26-30  Verbose  Connected to mail server mail.savvy.ch:587
2019-01-06-09-26-30  Info     Message sent to ServiceAddress stefan+kenneth.alexander@savvy.ch
2019-01-06-09-26-30  Verbose  Sending message to ServiceAddress stefan+edward.powell@savvy.ch
2019-01-06-09-26-30  Verbose  Connected to mail server mail.savvy.ch:587
2019-01-06-09-26-30  Info     Message sent to ServiceAddress stefan+edward.powell@savvy.ch
2019-01-06-09-26-30  Verbose  Sending message to ServiceAddress stefan+nicole.peterson@savvy.ch
2019-01-06-09-26-31  Verbose  Connected to mail server mail.savvy.ch:587
2019-01-06-09-26-31  Info     Message sent to ServiceAddress stefan+nicole.peterson@savvy.ch
2019-01-06-09-26-31  Verbose  Sending message to ServiceAddress stefan+cynthia.murphy@savvy.ch
2019-01-06-09-26-31  Verbose  Connected to mail server mail.savvy.ch:587
2019-01-06-09-26-31  Info     Message sent to ServiceAddress stefan+cynthia.murphy@savvy.ch
2019-01-06-09-26-31  Verbose  Sending message to ServiceAddress stefan+charles.lopez@savvy.ch
2019-01-06-09-26-31  Verbose  Connected to mail server mail.savvy.ch:587
2019-01-06-09-26-31  Info     Message sent to ServiceAddress stefan+charles.lopez@savvy.ch
2019-01-06-09-26-31  Notice   Mailing Einladung PV 19.1 needs to send 212 more mails
2019-01-06-09-26-31  Notice   Mailing task complete
2019-01-06-09-31-30  Notice   Running mailing task
2019-01-06-09-31-31  Verbose  Sending message to ServiceAddress stefan+elizabeth.miller@savvy.ch
2019-01-06-09-31-31  Verbose  Connected to mail server mail.savvy.ch:587
2019-01-06-09-31-31  Info     Message sent to ServiceAddress stefan+elizabeth.miller@savvy.ch
2019-01-06-09-31-31  Verbose  Sending message to ServiceAddress stefan+kimberly.wood@savvy.ch
2019-01-06-09-31-31  Verbose  Connected to mail server mail.savvy.ch:587
2019-01-06-09-31-31  Info     Message sent to ServiceAddress stefan+kimberly.wood@savvy.ch
2019-01-06-09-31-31  Verbose  Sending message to ServiceAddress stefan+george.barnes@savvy.ch
2019-01-06-09-31-31  Verbose  Connected to mail server mail.savvy.ch:587
2019-01-06-09-31-32  Info     Message sent to ServiceAddress stefan+george.barnes@savvy.ch
2019-01-06-09-31-32  Verbose  Sending message to ServiceAddress stefan+elizabeth.turner@savvy.ch
2019-01-06-09-31-32  Verbose  Connected to mail server mail.savvy.ch:587
2019-01-06-09-31-32  Info     Message sent to ServiceAddress stefan+elizabeth.turner@savvy.ch
2019-01-06-09-31-32  Verbose  Sending message to ServiceAddress stefan+angela.bryant@savvy.ch
2019-01-06-09-31-32  Verbose  Connected to mail server mail.savvy.ch:587
2019-01-06-09-31-32  Info     Message sent to ServiceAddress stefan+angela.bryant@savvy.ch
2019-01-06-09-31-32  Notice   Mailing Einladung PV 19.1 needs to send 207 more mails
2019-01-06-09-31-32  Notice   Mailing task complete
2019-01-06-09-36-31  Notice   Running mailing task
2019-01-06-09-36-31  Verbose  Sending message to ServiceAddress stefan+justin.patterson@savvy.ch
2019-01-06-09-36-32  Verbose  Connected to mail server mail.savvy.ch:587
2019-01-06-09-36-32  Info     Message sent to ServiceAddress stefan+justin.patterson@savvy.ch
2019-01-06-09-36-32  Verbose  Sending message to ServiceAddress stefan+michael.torres@savvy.ch
2019-01-06-09-36-32  Verbose  Connected to mail server mail.savvy.ch:587
2019-01-06-09-36-32  Info     Message sent to ServiceAddress stefan+michael.torres@savvy.ch
2019-01-06-09-36-32  Verbose  Sending message to ServiceAddress stefan+susan.thomas@savvy.ch
2019-01-06-09-36-32  Verbose  Connected to mail server mail.savvy.ch:587
2019-01-06-09-36-32  Info     Message sent to ServiceAddress stefan+susan.thomas@savvy.ch
2019-01-06-09-36-32  Verbose  Sending message to ServiceAddress stefan+gary.brown@savvy.ch
2019-01-06-09-36-32  Verbose  Connected to mail server mail.savvy.ch:587
2019-01-06-09-36-32  Info     Message sent to ServiceAddress stefan+gary.brown@savvy.ch
2019-01-06-09-36-32  Verbose  Sending message to ServiceAddress stefan+larry.turner@savvy.ch
2019-01-06-09-36-32  Verbose  Connected to mail server mail.savvy.ch:587
2019-01-06-09-36-33  Info     Message sent to ServiceAddress stefan+larry.turner@savvy.ch
2019-01-06-09-36-33  Notice   Mailing Einladung PV 19.1 needs to send 202 more mails
2019-01-06-09-36-33  Notice   Mailing task complete
2019-01-06-09-41-32  Notice   Running mailing task
2019-01-06-09-41-32  Verbose  Sending message to ServiceAddress stefan+jennifer.roberts@savvy.ch
2019-01-06-09-41-32  Verbose  Connected to mail server mail.savvy.ch:587
2019-01-06-09-41-32  Info     Message sent to ServiceAddress stefan+jennifer.roberts@savvy.ch
2019-01-06-09-41-32  Verbose  Sending message to ServiceAddress stefan+kevin.cook@savvy.ch
2019-01-06-09-41-32  Verbose  Connected to mail server mail.savvy.ch:587
2019-01-06-09-41-33  Info     Message sent to ServiceAddress stefan+kevin.cook@savvy.ch
2019-01-06-09-41-33  Verbose  Sending message to ServiceAddress stefan+paul.king@savvy.ch
2019-01-06-09-41-33  Verbose  Connected to mail server mail.savvy.ch:587
2019-01-06-09-41-33  Info     Message sent to ServiceAddress stefan+paul.king@savvy.ch
2019-01-06-09-41-33  Verbose  Sending message to ServiceAddress stefan+anna.mitchell@savvy.ch
2019-01-06-09-41-33  Verbose  Connected to mail server mail.savvy.ch:587
2019-01-06-09-41-33  Info     Message sent to ServiceAddress stefan+anna.mitchell@savvy.ch
2019-01-06-09-41-33  Verbose  Sending message to ServiceAddress stefan+david.jenkins@savvy.ch
2019-01-06-09-41-33  Verbose  Connected to mail server mail.savvy.ch:587
2019-01-06-09-41-33  Info     Message sent to ServiceAddress stefan+david.jenkins@savvy.ch
2019-01-06-09-41-33  Notice   Mailing Einladung PV 19.1 needs to send 197 more mails
2019-01-06-09-41-33  Notice   Mailing task complete
2019-01-06-09-46-32  Notice   Running mailing task
2019-01-06-09-46-33  Verbose  Sending message to ServiceAddress stefan+charles.rogers@savvy.ch
2019-01-06-09-46-33  Verbose  Connected to mail server mail.savvy.ch:587
2019-01-06-09-46-33  Info     Message sent to ServiceAddress stefan+charles.rogers@savvy.ch
2019-01-06-09-46-33  Verbose  Sending message to ServiceAddress stefan+angela.bailey@savvy.ch
2019-01-06-09-46-33  Verbose  Connected to mail server mail.savvy.ch:587
2019-01-06-09-46-33  Info     Message sent to ServiceAddress stefan+angela.bailey@savvy.ch
2019-01-06-09-46-33  Verbose  Sending message to ServiceAddress stefan+eric.rogers@savvy.ch
2019-01-06-09-46-33  Verbose  Connected to mail server mail.savvy.ch:587
2019-01-06-09-46-33  Info     Message sent to ServiceAddress stefan+eric.rogers@savvy.ch
2019-01-06-09-46-33  Verbose  Sending message to ServiceAddress stefan+anthony.moore@savvy.ch
2019-01-06-09-46-33  Verbose  Connected to mail server mail.savvy.ch:587
2019-01-06-09-46-33  Info     Message sent to ServiceAddress stefan+anthony.moore@savvy.ch
2019-01-06-09-46-33  Verbose  Sending message to ServiceAddress stefan+steven.thompson@savvy.ch
2019-01-06-09-46-33  Verbose  Connected to mail server mail.savvy.ch:587
2019-01-06-09-46-34  Info     Message sent to ServiceAddress stefan+steven.thompson@savvy.ch
2019-01-06-09-46-34  Notice   Mailing Einladung PV 19.1 needs to send 192 more mails
2019-01-06-09-46-34  Notice   Mailing task complete
