2019-01-24-22-59-14  Notice   Starting Nancy on http://localhost:8888
2019-01-24-22-59-26  Notice   Application started
2019-01-24-22-59-26  Notice   Running mailing task
2019-01-24-22-59-26  Notice   Mailing task complete
2019-01-24-22-59-26  Notice   Running billing task
2019-01-24-22-59-31  Notice   Billing task complete
2019-01-24-22-59-31  Notice   Running mailing task
2019-01-24-22-59-31  Verbose  Sending message to "Elizabeth Miller" <stefan+elizabeth.miller@savvy.ch>
2019-01-24-22-59-31  Verbose  Connected to mail server mail.savvy.ch:587
2019-01-24-22-59-32  Info     Message sent to "Elizabeth Miller" <stefan+elizabeth.miller@savvy.ch>
2019-01-24-22-59-32  Notice   Billing process modified Elizabeth Miller: Sent bill 20190118M0000012 using template L1G by e-mail to stefan+elizabeth.miller@savvy.ch
2019-01-24-22-59-32  Verbose  Sending message to "Kimberly S. N. Wood" <stefan+kimberly.wood@savvy.ch>
2019-01-24-22-59-32  Verbose  Connected to mail server mail.savvy.ch:587
2019-01-24-22-59-33  Info     Message sent to "Kimberly S. N. Wood" <stefan+kimberly.wood@savvy.ch>
2019-01-24-22-59-33  Notice   Billing process modified Kimberly S. N. Wood: Sent bill 20190118M0000013 using template L1G by e-mail to stefan+kimberly.wood@savvy.ch
2019-01-24-22-59-33  Verbose  Sending message to "George Barnes" <stefan+george.barnes@savvy.ch>
2019-01-24-22-59-33  Verbose  Connected to mail server mail.savvy.ch:587
2019-01-24-22-59-33  Info     Message sent to "George Barnes" <stefan+george.barnes@savvy.ch>
2019-01-24-22-59-33  Notice   Billing process modified George Barnes: Sent bill 20190118M0000014 using template L1G by e-mail to stefan+george.barnes@savvy.ch
2019-01-24-22-59-33  Verbose  Sending message to "Elizabeth A. A. Turner" <stefan+elizabeth.turner@savvy.ch>
2019-01-24-22-59-33  Verbose  Connected to mail server mail.savvy.ch:587
2019-01-24-22-59-34  Info     Message sent to "Elizabeth A. A. Turner" <stefan+elizabeth.turner@savvy.ch>
2019-01-24-22-59-34  Notice   Billing process modified Elizabeth A. A. Turner: Sent bill 20190118M0000015 using template L1G by e-mail to stefan+elizabeth.turner@savvy.ch
2019-01-24-22-59-34  Verbose  Sending message to "Angela Bryant" <stefan+angela.bryant@savvy.ch>
2019-01-24-22-59-34  Verbose  Connected to mail server mail.savvy.ch:587
2019-01-24-22-59-34  Info     Message sent to "Angela Bryant" <stefan+angela.bryant@savvy.ch>
2019-01-24-22-59-34  Notice   Billing process modified Angela Bryant: Sent bill 20190118M0000016 using template L1G by e-mail to stefan+angela.bryant@savvy.ch
2019-01-24-22-59-34  Notice   Mailing task complete
2019-01-24-22-59-54  Notice   Login Process modified admin: Login with password succeeded
2019-01-24-23-00-23  Notice   admin modified admin: Logged in with two-factor authentication
2019-01-24-23-01-02  Notice   admin modified admin: Added postal address Parkstrasse 7, 6312 Steinhausen
2019-01-24-23-01-26  Notice   admin modified admin: Changed postal address Parkstrasse 7, 6312 Steinhausen
2019-01-24-23-01-48  Notice   admin modified admin: Changed postal address Parkstrasse 7, 6312 Steinhausen
2019-01-24-23-03-14  Notice   admin added mailing element Test
2019-01-24-23-04-15  Notice   admin added mailing M1
2019-01-24-23-04-26  Notice   Running mailing task
2019-01-24-23-04-26  Notice   Mailing task complete
2019-01-24-23-04-26  Notice   Running billing task
2019-01-24-23-04-31  Notice   Billing task complete
2019-01-24-23-04-31  Notice   Running mailing task
2019-01-24-23-04-32  Notice   Mailing task complete
2019-01-24-23-04-51  Verbose  Sending message to stefan@savvy.ch
2019-01-24-23-04-51  Verbose  Connected to mail server mail.savvy.ch:587
2019-01-24-23-04-52  Info     Message sent to stefan@savvy.ch
2019-01-24-23-04-52  Notice   admin tests mailing with subject M1
2019-01-24-23-07-12  Error    System.InvalidOperationException: Sequence contains no matching element
2019-01-24-23-07-12  Error    at System.Linq.Enumerable.Single[TSource] (System.Collections.Generic.IEnumerable`1[T] source, System.Func`2[T,TResult] predicate) [0x00070] in <0a52baf64a2a4f9b96857c7b358eb12d>:0
2019-01-24-23-07-12  Error    at Quaestur.Templator.GetContent (System.String variable) [0x00024] in /Dev/Code/Quaestur/Quaestur/Documents/Templator.cs:26
2019-01-24-23-07-12  Error    at Quaestur.Templator.Apply (System.String text) [0x00022] in /Dev/Code/Quaestur/Quaestur/Documents/Templator.cs:38
2019-01-24-23-07-12  Error    at Quaestur.MailingModule.<.ctor>b__1_6 (System.Object parameters) [0x000f4] in /Dev/Code/Quaestur/Quaestur/Module/MailingModule.cs:470
2019-01-24-23-07-12  Error    at (wrapper dynamic-method) System.Object.CallSite.Target(System.Runtime.CompilerServices.Closure,System.Runtime.CompilerServices.CallSite,System.Func`2<object, object>,object)
2019-01-24-23-07-12  Error    at Nancy.Routing.Route+<>c__DisplayClass15_0.<Wrap>b__0 (System.Object parameters, System.Threading.CancellationToken context) [0x00047] in <b19e8b2217d04f0da83734dfcf376ab0>:0
2019-01-24-23-07-23  Notice   admin changed mailing M1
2019-01-24-23-07-38  Error    System.InvalidOperationException: Sequence contains no matching element
2019-01-24-23-07-38  Error    at System.Linq.Enumerable.Single[TSource] (System.Collections.Generic.IEnumerable`1[T] source, System.Func`2[T,TResult] predicate) [0x00070] in <0a52baf64a2a4f9b96857c7b358eb12d>:0
2019-01-24-23-07-38  Error    at Quaestur.Templator.GetContent (System.String variable) [0x00024] in /Dev/Code/Quaestur/Quaestur/Documents/Templator.cs:26
2019-01-24-23-07-38  Error    at Quaestur.Templator.Apply (System.String text) [0x00022] in /Dev/Code/Quaestur/Quaestur/Documents/Templator.cs:38
2019-01-24-23-07-38  Error    at Quaestur.MailingModule.<.ctor>b__1_6 (System.Object parameters) [0x000f4] in /Dev/Code/Quaestur/Quaestur/Module/MailingModule.cs:470
2019-01-24-23-07-38  Error    at (wrapper dynamic-method) System.Object.CallSite.Target(System.Runtime.CompilerServices.Closure,System.Runtime.CompilerServices.CallSite,System.Func`2<object, object>,object)
2019-01-24-23-07-38  Error    at Nancy.Routing.Route+<>c__DisplayClass15_0.<Wrap>b__0 (System.Object parameters, System.Threading.CancellationToken context) [0x00047] in <b19e8b2217d04f0da83734dfcf376ab0>:0
