2019-01-05-16-05-44  Error    System.NullReferenceException: Object reference not set to an instance of an object
2019-01-05-16-05-44  Error    at Quaestur.MailingSendViewModel..ctor (Quaestur.Translator translator) [0x00000] in /Dev/Code/Quaestur/Quaestur/Module/MailingModule.cs:31
2019-01-05-16-05-44  Error    at Quaestur.MailingSendViewModel..ctor (Quaestur.Translator translator, Quaestur.IDatabase db, Quaestur.Mailing mailing) [0x0000d] in /Dev/Code/Quaestur/Quaestur/Module/MailingModule.cs:47
2019-01-05-16-05-44  Error    at (wrapper dynamic-method) Quaestur.MailingSendViewModel.Void .ctor(Translator, IDatabase, Mailing)(object[])
2019-01-05-16-05-44  Error    at Newtonsoft.Json.Serialization.JsonSerializerInternalReader.CreateObjectUsingCreatorWithParameters (Newtonsoft.Json.JsonReader reader, Newtonsoft.Json.Serialization.JsonObjectContract contract, Newtonsoft.Json.Serialization.JsonProperty containerProperty, Newtonsoft.Json.Serialization.ObjectConstructor`1[T] creator, System.String id) [0x00340] in /_/Src/Newtonsoft.Json/Serialization/JsonSerializerInternalReader.cs:2031
2019-01-05-16-05-44  Error    at Newtonsoft.Json.Serialization.JsonSerializerInternalReader.CreateNewObject (Newtonsoft.Json.JsonReader reader, Newtonsoft.Json.Serialization.JsonObjectContract objectContract, Newtonsoft.Json.Serialization.JsonProperty containerMember, Newtonsoft.Json.Serialization.JsonProperty containerProperty, System.String id, System.Boolean& createdFromNonDefaultCreator) [0x00081] in /_/Src/Newtonsoft.Json/Serialization/JsonSerializerInternalReader.cs:2285
2019-01-05-16-05-44  Error    at Newtonsoft.Json.Serialization.JsonSerializerInternalReader.CreateObject (Newtonsoft.Json.JsonReader reader, System.Type objectType, Newtonsoft.Json.Serialization.JsonContract contract, Newtonsoft.Json.Serialization.JsonProperty member, Newtonsoft.Json.Serialization.JsonContainerContract containerContract, Newtonsoft.Json.Serialization.JsonProperty containerMember, System.Object existingValue) [0x00148] in /_/Src/Newtonsoft.Json/Serialization/JsonSerializerInternalReader.cs:476
2019-01-05-16-05-44  Error    at Newtonsoft.Json.Serialization.JsonSerializerInternalReader.CreateValueInternal (Newtonsoft.Json.JsonReader reader, System.Type objectType, Newtonsoft.Json.Serialization.JsonContract contract, Newtonsoft.Json.Serialization.JsonProperty member, Newtonsoft.Json.Serialization.JsonContainerContract containerContract, Newtonsoft.Json.Serialization.JsonProperty containerMember, System.Object existingValue) [0x0006d] in /_/Src/Newtonsoft.Json/Serialization/JsonSerializerInternalReader.cs:294
2019-01-05-16-05-44  Error    at Newtonsoft.Json.Serialization.JsonSerializerInternalReader.Deserialize (Newtonsoft.Json.JsonReader reader, System.Type objectType, System.Boolean checkAdditionalContent) [0x000db] in /_/Src/Newtonsoft.Json/Serialization/JsonSerializerInternalReader.cs:196
2019-01-05-16-05-44  Error    at Newtonsoft.Json.JsonSerializer.DeserializeInternal (Newtonsoft.Json.JsonReader reader, System.Type objectType) [0x00046] in /_/Src/Newtonsoft.Json/JsonSerializer.cs:907
2019-01-05-16-05-44  Error    at Newtonsoft.Json.JsonSerializer.Deserialize (Newtonsoft.Json.JsonReader reader, System.Type objectType) [0x00000] in /_/Src/Newtonsoft.Json/JsonSerializer.cs:886
2019-01-05-16-05-44  Error    at Newtonsoft.Json.JsonConvert.DeserializeObject (System.String value, System.Type type, Newtonsoft.Json.JsonSerializerSettings settings) [0x0002d] in /_/Src/Newtonsoft.Json/JsonConvert.cs:830
2019-01-05-16-05-44  Error    at Newtonsoft.Json.JsonConvert.DeserializeObject[T] (System.String value, Newtonsoft.Json.JsonSerializerSettings settings) [0x00000] in /_/Src/Newtonsoft.Json/JsonConvert.cs:786
2019-01-05-16-05-44  Error    at Newtonsoft.Json.JsonConvert.DeserializeObject[T] (System.String value) [0x00000] in /_/Src/Newtonsoft.Json/JsonConvert.cs:719
2019-01-05-16-05-44  Error    at Quaestur.MailingModule.<.ctor>b__2_8 (System.Object parameters) [0x00090] in /Dev/Code/Quaestur/Quaestur/Module/MailingModule.cs:458
2019-01-05-16-05-44  Error    at (wrapper dynamic-method) System.Object.CallSite.Target(System.Runtime.CompilerServices.Closure,System.Runtime.CompilerServices.CallSite,System.Func`2<object, object>,object)
2019-01-05-16-05-44  Error    at Nancy.Routing.Route+<>c__DisplayClass15_0.<Wrap>b__0 (System.Object parameters, System.Threading.CancellationToken context) [0x00047] in <b19e8b2217d04f0da83734dfcf376ab0>:0
2019-01-05-16-06-22  Error    System.NullReferenceException: Object reference not set to an instance of an object
2019-01-05-16-06-22  Error    at Quaestur.MailingSendViewModel..ctor (Quaestur.Translator translator) [0x00000] in /Dev/Code/Quaestur/Quaestur/Module/MailingModule.cs:31
2019-01-05-16-06-22  Error    at Quaestur.MailingSendViewModel..ctor (Quaestur.Translator translator, Quaestur.IDatabase db, Quaestur.Mailing mailing) [0x0000d] in /Dev/Code/Quaestur/Quaestur/Module/MailingModule.cs:47
2019-01-05-16-06-22  Error    at (wrapper dynamic-method) Quaestur.MailingSendViewModel.Void .ctor(Translator, IDatabase, Mailing)(object[])
2019-01-05-16-06-22  Error    at Newtonsoft.Json.Serialization.JsonSerializerInternalReader.CreateObjectUsingCreatorWithParameters (Newtonsoft.Json.JsonReader reader, Newtonsoft.Json.Serialization.JsonObjectContract contract, Newtonsoft.Json.Serialization.JsonProperty containerProperty, Newtonsoft.Json.Serialization.ObjectConstructor`1[T] creator, System.String id) [0x00340] in /_/Src/Newtonsoft.Json/Serialization/JsonSerializerInternalReader.cs:2031
2019-01-05-16-06-22  Error    at Newtonsoft.Json.Serialization.JsonSerializerInternalReader.CreateNewObject (Newtonsoft.Json.JsonReader reader, Newtonsoft.Json.Serialization.JsonObjectContract objectContract, Newtonsoft.Json.Serialization.JsonProperty containerMember, Newtonsoft.Json.Serialization.JsonProperty containerProperty, System.String id, System.Boolean& createdFromNonDefaultCreator) [0x00081] in /_/Src/Newtonsoft.Json/Serialization/JsonSerializerInternalReader.cs:2285
2019-01-05-16-06-22  Error    at Newtonsoft.Json.Serialization.JsonSerializerInternalReader.CreateObject (Newtonsoft.Json.JsonReader reader, System.Type objectType, Newtonsoft.Json.Serialization.JsonContract contract, Newtonsoft.Json.Serialization.JsonProperty member, Newtonsoft.Json.Serialization.JsonContainerContract containerContract, Newtonsoft.Json.Serialization.JsonProperty containerMember, System.Object existingValue) [0x00148] in /_/Src/Newtonsoft.Json/Serialization/JsonSerializerInternalReader.cs:476
2019-01-05-16-06-22  Error    at Newtonsoft.Json.Serialization.JsonSerializerInternalReader.CreateValueInternal (Newtonsoft.Json.JsonReader reader, System.Type objectType, Newtonsoft.Json.Serialization.JsonContract contract, Newtonsoft.Json.Serialization.JsonProperty member, Newtonsoft.Json.Serialization.JsonContainerContract containerContract, Newtonsoft.Json.Serialization.JsonProperty containerMember, System.Object existingValue) [0x0006d] in /_/Src/Newtonsoft.Json/Serialization/JsonSerializerInternalReader.cs:294
2019-01-05-16-06-22  Error    at Newtonsoft.Json.Serialization.JsonSerializerInternalReader.Deserialize (Newtonsoft.Json.JsonReader reader, System.Type objectType, System.Boolean checkAdditionalContent) [0x000db] in /_/Src/Newtonsoft.Json/Serialization/JsonSerializerInternalReader.cs:196
2019-01-05-16-06-22  Error    at Newtonsoft.Json.JsonSerializer.DeserializeInternal (Newtonsoft.Json.JsonReader reader, System.Type objectType) [0x00046] in /_/Src/Newtonsoft.Json/JsonSerializer.cs:907
2019-01-05-16-06-22  Error    at Newtonsoft.Json.JsonSerializer.Deserialize (Newtonsoft.Json.JsonReader reader, System.Type objectType) [0x00000] in /_/Src/Newtonsoft.Json/JsonSerializer.cs:886
2019-01-05-16-06-22  Error    at Newtonsoft.Json.JsonConvert.DeserializeObject (System.String value, System.Type type, Newtonsoft.Json.JsonSerializerSettings settings) [0x0002d] in /_/Src/Newtonsoft.Json/JsonConvert.cs:830
2019-01-05-16-06-22  Error    at Newtonsoft.Json.JsonConvert.DeserializeObject[T] (System.String value, Newtonsoft.Json.JsonSerializerSettings settings) [0x00000] in /_/Src/Newtonsoft.Json/JsonConvert.cs:786
2019-01-05-16-06-22  Error    at Newtonsoft.Json.JsonConvert.DeserializeObject[T] (System.String value) [0x00000] in /_/Src/Newtonsoft.Json/JsonConvert.cs:719
2019-01-05-16-06-22  Error    at Quaestur.MailingModule.<.ctor>b__2_8 (System.Object parameters) [0x00090] in /Dev/Code/Quaestur/Quaestur/Module/MailingModule.cs:458
2019-01-05-16-06-22  Error    at (wrapper dynamic-method) System.Object.CallSite.Target(System.Runtime.CompilerServices.Closure,System.Runtime.CompilerServices.CallSite,System.Func`2<object, object>,object)
2019-01-05-16-06-22  Error    at Nancy.Routing.Route+<>c__DisplayClass15_0.<Wrap>b__0 (System.Object parameters, System.Threading.CancellationToken context) [0x00047] in <b19e8b2217d04f0da83734dfcf376ab0>:0
