2019-01-09-20-17-21  Notice   Starting Nancy on http://localhost:8888
2019-01-09-20-17-32  Notice   Application started
2019-01-09-20-17-32  Notice   Running mailing task
2019-01-09-20-17-32  Notice   Mailing task complete
2019-01-09-20-17-48  Notice   User admin id d8ee81f0-4f0b-4f1f-b8c8-b6723c766559 logged in.
2019-01-09-20-17-53  Error    System.InvalidOperationException: Failed to compare two elements in the array. ---> System.ArgumentException: At least one object must implement IComparable.
2019-01-09-20-17-53  Error    at System.Collections.Comparer.Compare (System.Object a, System.Object b) [0x00057] in <7b0d87324cab49bf96eac679025e77d1>:0
2019-01-09-20-17-53  Error    at System.Collections.Generic.ObjectComparer`1[T].Compare (T x, T y) [0x00000] in <7b0d87324cab49bf96eac679025e77d1>:0
2019-01-09-20-17-53  Error    at System.Linq.EnumerableSorter`2[TElement,TKey].CompareAnyKeys (System.Int32 index1, System.Int32 index2) [0x00000] in <079d1695f1b940b981a821e75d331759>:0
2019-01-09-20-17-53  Error    at System.Collections.Generic.ComparisonComparer`1[T].Compare (T x, T y) [0x00000] in <7b0d87324cab49bf96eac679025e77d1>:0
2019-01-09-20-17-53  Error    at System.Collections.Generic.ArraySortHelper`1[T].SwapIfGreater (T[] keys, System.Comparison`1[T] comparer, System.Int32 a, System.Int32 b) [0x00004] in <7b0d87324cab49bf96eac679025e77d1>:0
2019-01-09-20-17-53  Error    at System.Collections.Generic.ArraySortHelper`1[T].PickPivotAndPartition (T[] keys, System.Int32 lo, System.Int32 hi, System.Comparison`1[T] comparer) [0x00008] in <7b0d87324cab49bf96eac679025e77d1>:0
2019-01-09-20-17-53  Error    at System.Collections.Generic.ArraySortHelper`1[T].IntroSort (T[] keys, System.Int32 lo, System.Int32 hi, System.Int32 depthLimit, System.Comparison`1[T] comparer) [0x00069] in <7b0d87324cab49bf96eac679025e77d1>:0
2019-01-09-20-17-53  Error    at System.Collections.Generic.ArraySortHelper`1[T].IntrospectiveSort (T[] keys, System.Int32 left, System.Int32 length, System.Comparison`1[T] comparer) [0x00015] in <7b0d87324cab49bf96eac679025e77d1>:0
2019-01-09-20-17-53  Error    at System.Collections.Generic.ArraySortHelper`1[T].Sort (T[] keys, System.Int32 index, System.Int32 length, System.Collections.Generic.IComparer`1[T] comparer) [0x0000a] in <7b0d87324cab49bf96eac679025e77d1>:0
2019-01-09-20-17-53  Error    --- End of inner exception stack trace ---
2019-01-09-20-17-53  Error    at System.Collections.Generic.ArraySortHelper`1[T].Sort (T[] keys, System.Int32 index, System.Int32 length, System.Collections.Generic.IComparer`1[T] comparer) [0x00036] in <7b0d87324cab49bf96eac679025e77d1>:0
2019-01-09-20-17-53  Error    at System.Array.Sort[T] (T[] array, System.Int32 index, System.Int32 length, System.Collections.Generic.IComparer`1[T] comparer) [0x00048] in <7b0d87324cab49bf96eac679025e77d1>:0
2019-01-09-20-17-53  Error    at System.Linq.EnumerableSorter`2[TElement,TKey].QuickSort (System.Int32[] keys, System.Int32 lo, System.Int32 hi) [0x00019] in <079d1695f1b940b981a821e75d331759>:0
2019-01-09-20-17-53  Error    at System.Linq.EnumerableSorter`1[TElement].Sort (TElement[] elements, System.Int32 count) [0x00009] in <079d1695f1b940b981a821e75d331759>:0
2019-01-09-20-17-53  Error    at System.Linq.OrderedEnumerable`1[TElement].SortedMap (System.Linq.Buffer`1[TElement] buffer) [0x00006] in <079d1695f1b940b981a821e75d331759>:0
2019-01-09-20-17-53  Error    at System.Linq.OrderedEnumerable`1+<GetEnumerator>d__3[TElement].MoveNext () [0x0003d] in <079d1695f1b940b981a821e75d331759>:0
2019-01-09-20-17-53  Error    at Quaestur.ExportEdit.<.ctor>b__0_7 (System.Object parameters) [0x00125] in /Dev/Code/Quaestur/Quaestur/Module/ExportModule.cs:262
2019-01-09-20-17-53  Error    at (wrapper dynamic-method) System.Object.CallSite.Target(System.Runtime.CompilerServices.Closure,System.Runtime.CompilerServices.CallSite,System.Func`2<object, object>,object)
2019-01-09-20-17-53  Error    at Nancy.Routing.Route+<>c__DisplayClass15_0.<Wrap>b__0 (System.Object parameters, System.Threading.CancellationToken context) [0x00047] in <b19e8b2217d04f0da83734dfcf376ab0>:0
