2018-12-30-13-03-38  Error    Npgsql.PostgresException (0x80004005): 42703: column "key" of relation "phrase" does not exist
2018-12-30-13-03-38  Error    at Npgsql.NpgsqlConnector+<>c__DisplayClass161_0.<ReadMessage>g__ReadMessageLong|0 (Npgsql.DataRowLoadingMode dataRowLoadingMode2, System.Boolean readingNotifications2, System.Boolean isReadingPrependedMessage) [0x003ff] in C:\projects\npgsql\src\Npgsql\NpgsqlConnector.cs:1003
2018-12-30-13-03-38  Error    at Npgsql.NpgsqlConnector+<>c__DisplayClass161_0.<ReadMessage>g__ReadMessageLong|0 (Npgsql.DataRowLoadingMode dataRowLoadingMode2, System.Boolean readingNotifications2, System.Boolean isReadingPrependedMessage) [0x004c0] in C:\projects\npgsql\src\Npgsql\NpgsqlConnector.cs:1032
2018-12-30-13-03-38  Error    at System.Threading.Tasks.ValueTask`1[TResult].get_Result () [0x00022] in <db70987ec4f64c33bf9deb66e2bcbaba>:0
2018-12-30-13-03-38  Error    at System.Runtime.CompilerServices.ValueTaskAwaiter`1[TResult].GetResult () [0x00000] in <db70987ec4f64c33bf9deb66e2bcbaba>:0
2018-12-30-13-03-38  Error    at Npgsql.NpgsqlDataReader.NextResult (System.Boolean async, System.Boolean isConsuming) [0x0039c] in C:\projects\npgsql\src\Npgsql\NpgsqlDataReader.cs:444
2018-12-30-13-03-38  Error    at Npgsql.NpgsqlDataReader.NextResult () [0x00064] in C:\projects\npgsql\src\Npgsql\NpgsqlDataReader.cs:340
2018-12-30-13-03-38  Error    at Npgsql.NpgsqlCommand.ExecuteDbDataReader (System.Data.CommandBehavior behavior, System.Boolean async, System.Threading.CancellationToken cancellationToken) [0x002fd] in C:\projects\npgsql\src\Npgsql\NpgsqlCommand.cs:1229
2018-12-30-13-03-38  Error    at System.Threading.Tasks.ValueTask`1[TResult].get_Result () [0x00022] in <db70987ec4f64c33bf9deb66e2bcbaba>:0
2018-12-30-13-03-38  Error    at System.Runtime.CompilerServices.ValueTaskAwaiter`1[TResult].GetResult () [0x00000] in <db70987ec4f64c33bf9deb66e2bcbaba>:0
2018-12-30-13-03-38  Error    at Npgsql.NpgsqlCommand.ExecuteNonQuery (System.Boolean async, System.Threading.CancellationToken cancellationToken) [0x00033] in C:\projects\npgsql\src\Npgsql\NpgsqlCommand.cs:1042
2018-12-30-13-03-38  Error    at Npgsql.NpgsqlCommand.ExecuteNonQuery () [0x00000] in C:\projects\npgsql\src\Npgsql\NpgsqlCommand.cs:1025
2018-12-30-13-03-38  Error    at Quaestur.PostgresDatabase.Insert (Quaestur.DatabaseObject obj) [0x000f3] in /Dev/Code/Quaestur/Quaestur/Infrastructure/PostgresDatabase.cs:211
2018-12-30-13-03-38  Error    at Quaestur.PostgresDatabase.Save (Quaestur.DatabaseObject obj) [0x0004d] in /Dev/Code/Quaestur/Quaestur/Infrastructure/PostgresDatabase.cs:499
2018-12-30-13-03-38  Error    at Quaestur.Translation.Get (Quaestur.Language language, System.String key, System.String hint, System.String technical, System.Object[] parameters) [0x0010f] in /Dev/Code/Quaestur/Quaestur/Infrastructure/Translation.cs:59
2018-12-30-13-03-38  Error    at Quaestur.Translator.Get (System.String key, System.String hint, System.String technical, System.Object[] parameters) [0x00001] in /Dev/Code/Quaestur/Quaestur/Module/QuaesturModule.cs:21
2018-12-30-13-03-38  Error    at Quaestur.PersonListViewModel..ctor (Quaestur.Translator translator) [0x00079] in /Dev/Code/Quaestur/Quaestur/Module/PersonListModule.cs:196
2018-12-30-13-03-38  Error    at Quaestur.PersonListModule.<.ctor>b__2_0 (System.Object parameters) [0x00001] in /Dev/Code/Quaestur/Quaestur/Module/PersonListModule.cs:239
2018-12-30-13-03-38  Error    at (wrapper dynamic-method) System.Object.CallSite.Target(System.Runtime.CompilerServices.Closure,System.Runtime.CompilerServices.CallSite,System.Func`2<object, object>,object)
2018-12-30-13-03-38  Error    at System.Dynamic.UpdateDelegates.UpdateAndExecute2[T0,T1,TRet] (System.Runtime.CompilerServices.CallSite site, T0 arg0, T1 arg1) [0x0011d] in <079d1695f1b940b981a821e75d331759>:0
2018-12-30-13-03-38  Error    at Nancy.Routing.Route+<>c__DisplayClass15_0.<Wrap>b__0 (System.Object parameters, System.Threading.CancellationToken context) [0x00047] in <b19e8b2217d04f0da83734dfcf376ab0>:0
