2019-01-19-01-31-18  Notice   Starting Nancy on http://localhost:8888
2019-01-19-01-31-29  Notice   Application started
2019-01-19-01-31-29  Notice   Running mailing task
2019-01-19-01-31-29  Notice   Mailing task complete
2019-01-19-01-31-29  Notice   Running billing task
2019-01-19-01-31-32  Notice   Billing process modified Thomas Alexander: Created bill 20190119M0000062 for Thomas Alexander in Piratenpartei Zentralschweiz
2019-01-19-01-31-36  Notice   Billing task complete
2019-01-19-01-31-36  Notice   Running mailing task
2019-01-19-01-31-36  Verbose  Sending message to "Thomas Alexander" <stefan+thomas.alexander@savvy.ch>
2019-01-19-01-31-36  Verbose  Connected to mail server mail.savvy.ch:587
2019-01-19-01-31-59  Info     Message sent to "Thomas Alexander" <stefan+thomas.alexander@savvy.ch>
2019-01-19-01-31-59  Notice   Billing process modified Thomas Alexander: Sent bill 20190119M0000062 using template L1G by e-mail to stefan+thomas.alexander@savvy.ch
2019-01-19-01-31-59  Notice   Mailing task complete
2019-01-19-01-33-36  Notice   User admin id 2d14db38-9839-439e-94ca-6a332f8d56c6 logged in.
2019-01-19-01-34-06  Notice   admin added mailing Test
2019-01-19-01-34-14  Verbose  Sending message to stefan@savvy.ch
2019-01-19-01-34-15  Verbose  Connected to mail server mail.savvy.ch:587
2019-01-19-01-34-15  Info     Message sent to stefan@savvy.ch
2019-01-19-01-34-15  Notice   admin tests mailing with subject Test
2019-01-19-01-35-06  Notice   admin modified Thomas Alexander: Deleted bill 20190119M0000062
