2019-01-14-03-27-55  Notice   Starting Nancy on http://localhost:8888
2019-01-14-03-28-06  Notice   Application started
2019-01-14-03-28-06  Notice   Running mailing task
2019-01-14-03-28-06  Notice   Mailing task complete
2019-01-14-03-28-11  Notice   User admin id 0970bd76-6eb6-4254-9724-8fb75a2bbf42 logged in.
2019-01-14-03-28-21  Notice   admin modified Kenneth A. Alexander: Changed document pubkey.asc (Other)
2019-01-14-03-28-24  Notice   admin modified Kenneth A. Alexander: Changed document pubkey.asc (Other)
2019-01-14-03-28-25  Notice   admin modified Kenneth A. Alexander: Downloaded document pubkey.asc (Other)
2019-01-14-03-28-38  Notice   admin modified Kenneth A. Alexander: Added document test.asc (Other)
2019-01-14-03-28-40  Notice   admin modified Kenneth A. Alexander: Downloaded document test.asc (Other)
2019-01-14-03-28-44  Notice   admin modified Kenneth A. Alexander: Deleted document test.asc (Other)
2019-01-14-03-28-59  Notice   admin added country Test
2019-01-14-03-29-09  Notice   admin changed country Alpha
2019-01-14-03-29-11  Notice   admin deleted country Alpha
2019-01-14-03-29-30  Notice   admin added state Waldstätten
2019-01-14-03-29-37  Notice   admin changed state Waldstätten
2019-01-14-03-29-40  Notice   admin deleted state Waldstätten
2019-01-14-03-30-27  Notice   admin added tag test
2019-01-14-03-30-33  Notice   admin deleted tag test
2019-01-14-03-33-06  Notice   Running mailing task
2019-01-14-03-33-06  Notice   Mailing task complete
