2018-12-27-23-08-53  Error    Npgsql.NpgsqlOperationInProgressException: A command is already in progress: SELECT id, textid, language, text FROM phrase WHERE textid = @textid
2018-12-27-23-08-53  Error    at Npgsql.NpgsqlConnector.<StartUserAction>g__DoStartUserAction|186_0 (Npgsql.NpgsqlConnector+<>c__DisplayClass186_0& ) [0x00041] in C:\projects\npgsql\src\Npgsql\NpgsqlConnector.cs:1650
2018-12-27-23-08-53  Error    at Npgsql.NpgsqlConnector.StartUserAction (Npgsql.ConnectorState newState, Npgsql.NpgsqlCommand command) [0x00020] in C:\projects\npgsql\src\Npgsql\NpgsqlConnector.cs:1607
2018-12-27-23-08-53  Error    at Npgsql.NpgsqlConnector.StartUserAction (Npgsql.NpgsqlCommand command) [0x00000] in C:\projects\npgsql\src\Npgsql\NpgsqlConnector.cs:1595
2018-12-27-23-08-53  Error    at Npgsql.NpgsqlCommand.ExecuteDbDataReader (System.Data.CommandBehavior behavior, System.Boolean async, System.Threading.CancellationToken cancellationToken) [0x00018] in C:\projects\npgsql\src\Npgsql\NpgsqlCommand.cs:1135
2018-12-27-23-08-53  Error    at System.Threading.Tasks.ValueTask`1[TResult].get_Result () [0x00022] in <db70987ec4f64c33bf9deb66e2bcbaba>:0
2018-12-27-23-08-53  Error    at System.Runtime.CompilerServices.ValueTaskAwaiter`1[TResult].GetResult () [0x00000] in <db70987ec4f64c33bf9deb66e2bcbaba>:0
2018-12-27-23-08-53  Error    at Npgsql.NpgsqlCommand.ExecuteDbDataReader (System.Data.CommandBehavior behavior) [0x00000] in C:\projects\npgsql\src\Npgsql\NpgsqlCommand.cs:1130
2018-12-27-23-08-53  Error    at System.Data.Common.DbCommand.ExecuteReader () [0x00000] in <c177462717a4445badd8f690b430d5c4>:0
2018-12-27-23-08-53  Error    at Npgsql.NpgsqlCommand.ExecuteReader () [0x00000] in C:\projects\npgsql\src\Npgsql\NpgsqlCommand.cs:1100
2018-12-27-23-08-53  Error    at (wrapper remoting-invoke-with-check) Npgsql.NpgsqlCommand.ExecuteReader()
2018-12-27-23-08-53  Error    at Quaestur.PostgresDatabase.Query[T,U] (System.String column, U value, System.Func`2[T,TResult] accessor) [0x00148] in /Dev/Code/Quaestur/Quaestur/Infrastructure/PostgresDatabase.cs:196
2018-12-27-23-08-53  Error    at Quaestur.Translation.GetInternal (Quaestur.Language language, System.String english, System.Object[] parameters) [0x0000e] in /Dev/Code/Quaestur/Quaestur/Infrastructure/Translation.cs:29
2018-12-27-23-08-53  Error    at Quaestur.Translation.Get (Quaestur.Language language, System.String english, System.Object[] parameters) [0x00001] in /Dev/Code/Quaestur/Quaestur/Infrastructure/Translation.cs:55
2018-12-27-23-08-53  Error    at Quaestur.Translator.Get (System.String english, System.Object[] parameters) [0x00001] in /Dev/Code/Quaestur/Quaestur/Module/QuaesturModule.cs:18
2018-12-27-23-08-53  Error    at Quaestur.PersonPagesViewModel..ctor (Quaestur.Translator translator, System.Int32 pageCount, Quaestur.SearchSettings settings) [0x000d2] in /Dev/Code/Quaestur/Quaestur/Module/PersonListModule.cs:161
2018-12-27-23-08-53  Error    at Quaestur.PersonListModule.<.ctor>b__2_2 (System.Object parameters) [0x00062] in /Dev/Code/Quaestur/Quaestur/Module/PersonListModule.cs:256
2018-12-27-23-08-53  Error    at (wrapper dynamic-method) System.Object.CallSite.Target(System.Runtime.CompilerServices.Closure,System.Runtime.CompilerServices.CallSite,System.Func`2<object, object>,object)
2018-12-27-23-08-53  Error    at Nancy.Routing.Route+<>c__DisplayClass15_0.<Wrap>b__0 (System.Object parameters, System.Threading.CancellationToken context) [0x00047] in <b19e8b2217d04f0da83734dfcf376ab0>:0
2018-12-27-23-08-58  Error    Npgsql.NpgsqlOperationInProgressException: A command is already in progress: SELECT id, textid, language, text FROM phrase WHERE textid = @textid
2018-12-27-23-08-58  Error    at Npgsql.NpgsqlConnector.<StartUserAction>g__DoStartUserAction|186_0 (Npgsql.NpgsqlConnector+<>c__DisplayClass186_0& ) [0x00041] in C:\projects\npgsql\src\Npgsql\NpgsqlConnector.cs:1650
2018-12-27-23-08-58  Error    at Npgsql.NpgsqlConnector.StartUserAction (Npgsql.ConnectorState newState, Npgsql.NpgsqlCommand command) [0x00020] in C:\projects\npgsql\src\Npgsql\NpgsqlConnector.cs:1607
2018-12-27-23-08-58  Error    at Npgsql.NpgsqlConnector.StartUserAction (Npgsql.NpgsqlCommand command) [0x00000] in C:\projects\npgsql\src\Npgsql\NpgsqlConnector.cs:1595
2018-12-27-23-08-58  Error    at Npgsql.NpgsqlCommand.ExecuteDbDataReader (System.Data.CommandBehavior behavior, System.Boolean async, System.Threading.CancellationToken cancellationToken) [0x00018] in C:\projects\npgsql\src\Npgsql\NpgsqlCommand.cs:1135
2018-12-27-23-08-58  Error    at System.Threading.Tasks.ValueTask`1[TResult].get_Result () [0x00022] in <db70987ec4f64c33bf9deb66e2bcbaba>:0
2018-12-27-23-08-58  Error    at System.Runtime.CompilerServices.ValueTaskAwaiter`1[TResult].GetResult () [0x00000] in <db70987ec4f64c33bf9deb66e2bcbaba>:0
2018-12-27-23-08-58  Error    at Npgsql.NpgsqlCommand.ExecuteDbDataReader (System.Data.CommandBehavior behavior) [0x00000] in C:\projects\npgsql\src\Npgsql\NpgsqlCommand.cs:1130
2018-12-27-23-08-58  Error    at System.Data.Common.DbCommand.ExecuteReader () [0x00000] in <c177462717a4445badd8f690b430d5c4>:0
2018-12-27-23-08-58  Error    at Npgsql.NpgsqlCommand.ExecuteReader () [0x00000] in C:\projects\npgsql\src\Npgsql\NpgsqlCommand.cs:1100
2018-12-27-23-08-58  Error    at (wrapper remoting-invoke-with-check) Npgsql.NpgsqlCommand.ExecuteReader()
2018-12-27-23-08-58  Error    at Quaestur.PostgresDatabase.Query[T,U] (System.String column, U value, System.Func`2[T,TResult] accessor) [0x00148] in /Dev/Code/Quaestur/Quaestur/Infrastructure/PostgresDatabase.cs:196
2018-12-27-23-08-58  Error    at Quaestur.Translation.GetInternal (Quaestur.Language language, System.String english, System.Object[] parameters) [0x0000e] in /Dev/Code/Quaestur/Quaestur/Infrastructure/Translation.cs:29
2018-12-27-23-08-58  Error    at Quaestur.Translation.Get (Quaestur.Language language, System.String english, System.Object[] parameters) [0x00001] in /Dev/Code/Quaestur/Quaestur/Infrastructure/Translation.cs:55
2018-12-27-23-08-58  Error    at Quaestur.Translator.Get (System.String english, System.Object[] parameters) [0x00001] in /Dev/Code/Quaestur/Quaestur/Module/QuaesturModule.cs:18
2018-12-27-23-08-58  Error    at Quaestur.PersonListDataViewModel..ctor (Quaestur.Translator translator, System.Collections.Generic.IEnumerable`1[T] persons, Quaestur.SearchSettings settings) [0x0012a] in /Dev/Code/Quaestur/Quaestur/Module/PersonListModule.cs:101
2018-12-27-23-08-58  Error    at Quaestur.PersonListModule.<.ctor>b__2_1 (System.Object parameters) [0x0008b] in /Dev/Code/Quaestur/Quaestur/Module/PersonListModule.cs:247
2018-12-27-23-08-58  Error    at (wrapper dynamic-method) System.Object.CallSite.Target(System.Runtime.CompilerServices.Closure,System.Runtime.CompilerServices.CallSite,System.Func`2<object, object>,object)
2018-12-27-23-08-58  Error    at Nancy.Routing.Route+<>c__DisplayClass15_0.<Wrap>b__0 (System.Object parameters, System.Threading.CancellationToken context) [0x00047] in <b19e8b2217d04f0da83734dfcf376ab0>:0
2018-12-27-23-09-03  Error    Npgsql.NpgsqlOperationInProgressException: A command is already in progress: SELECT id, textid, language, text FROM phrase WHERE textid = @textid
2018-12-27-23-09-03  Error    at Npgsql.NpgsqlConnector.<StartUserAction>g__DoStartUserAction|186_0 (Npgsql.NpgsqlConnector+<>c__DisplayClass186_0& ) [0x00041] in C:\projects\npgsql\src\Npgsql\NpgsqlConnector.cs:1650
2018-12-27-23-09-03  Error    at Npgsql.NpgsqlConnector.StartUserAction (Npgsql.ConnectorState newState, Npgsql.NpgsqlCommand command) [0x00020] in C:\projects\npgsql\src\Npgsql\NpgsqlConnector.cs:1607
2018-12-27-23-09-03  Error    at Npgsql.NpgsqlConnector.StartUserAction (Npgsql.NpgsqlCommand command) [0x00000] in C:\projects\npgsql\src\Npgsql\NpgsqlConnector.cs:1595
2018-12-27-23-09-03  Error    at Npgsql.NpgsqlCommand.ExecuteDbDataReader (System.Data.CommandBehavior behavior, System.Boolean async, System.Threading.CancellationToken cancellationToken) [0x00018] in C:\projects\npgsql\src\Npgsql\NpgsqlCommand.cs:1135
2018-12-27-23-09-03  Error    at System.Threading.Tasks.ValueTask`1[TResult].get_Result () [0x00022] in <db70987ec4f64c33bf9deb66e2bcbaba>:0
2018-12-27-23-09-03  Error    at System.Runtime.CompilerServices.ValueTaskAwaiter`1[TResult].GetResult () [0x00000] in <db70987ec4f64c33bf9deb66e2bcbaba>:0
2018-12-27-23-09-03  Error    at Npgsql.NpgsqlCommand.ExecuteDbDataReader (System.Data.CommandBehavior behavior) [0x00000] in C:\projects\npgsql\src\Npgsql\NpgsqlCommand.cs:1130
2018-12-27-23-09-03  Error    at System.Data.Common.DbCommand.ExecuteReader () [0x00000] in <c177462717a4445badd8f690b430d5c4>:0
2018-12-27-23-09-03  Error    at Npgsql.NpgsqlCommand.ExecuteReader () [0x00000] in C:\projects\npgsql\src\Npgsql\NpgsqlCommand.cs:1100
2018-12-27-23-09-03  Error    at (wrapper remoting-invoke-with-check) Npgsql.NpgsqlCommand.ExecuteReader()
2018-12-27-23-09-03  Error    at Quaestur.PostgresDatabase.Query[T,U] (System.String column, U value, System.Func`2[T,TResult] accessor) [0x00148] in /Dev/Code/Quaestur/Quaestur/Infrastructure/PostgresDatabase.cs:196
2018-12-27-23-09-03  Error    at Quaestur.Translation.GetInternal (Quaestur.Language language, System.String english, System.Object[] parameters) [0x0000e] in /Dev/Code/Quaestur/Quaestur/Infrastructure/Translation.cs:29
2018-12-27-23-09-03  Error    at Quaestur.Translation.Get (Quaestur.Language language, System.String english, System.Object[] parameters) [0x00001] in /Dev/Code/Quaestur/Quaestur/Infrastructure/Translation.cs:55
2018-12-27-23-09-03  Error    at Quaestur.Translator.Get (System.String english, System.Object[] parameters) [0x00001] in /Dev/Code/Quaestur/Quaestur/Module/QuaesturModule.cs:18
2018-12-27-23-09-03  Error    at Quaestur.PersonListDataViewModel..ctor (Quaestur.Translator translator, System.Collections.Generic.IEnumerable`1[T] persons, Quaestur.SearchSettings settings) [0x000e8] in /Dev/Code/Quaestur/Quaestur/Module/PersonListModule.cs:98
2018-12-27-23-09-03  Error    at Quaestur.PersonListModule.<.ctor>b__2_1 (System.Object parameters) [0x0008b] in /Dev/Code/Quaestur/Quaestur/Module/PersonListModule.cs:247
2018-12-27-23-09-03  Error    at (wrapper dynamic-method) System.Object.CallSite.Target(System.Runtime.CompilerServices.Closure,System.Runtime.CompilerServices.CallSite,System.Func`2<object, object>,object)
2018-12-27-23-09-03  Error    at Nancy.Routing.Route+<>c__DisplayClass15_0.<Wrap>b__0 (System.Object parameters, System.Threading.CancellationToken context) [0x00047] in <b19e8b2217d04f0da83734dfcf376ab0>:0
