2018-12-27-01-30-39  Error    Nancy.ViewEngines.ViewNotFoundException: Unable to locate view 'View/persondetail_master_email.sshtml'
2018-12-27-01-30-39  Error    Currently available view engine extensions: sshtml,html,htm
2018-12-27-01-30-39  Error    Locations inspected: views/PersonDetailMaster/View/persondetail_master_email.sshtml-en-US,views/PersonDetailMaster/View/persondetail_master_email.sshtml,PersonDetailMaster/View/persondetail_master_email.sshtml-en-US,PersonDetailMaster/View/persondetail_master_email.sshtml,views/View/persondetail_master_email.sshtml-en-US,views/View/persondetail_master_email.sshtml,View/persondetail_master_email.sshtml-en-US,View/persondetail_master_email.sshtml
2018-12-27-01-30-39  Error    Root path: /Dev/Code/Quaestur/Quaestur/bin/Debug
2018-12-27-01-30-39  Error    If you were expecting raw data back, make sure you set the 'Accept'-header of the request to correct format, for example 'application/json'
2018-12-27-01-30-39  Error    at Nancy.ViewEngines.DefaultViewFactory.GetRenderedView (System.String viewName, System.Object model, Nancy.ViewEngines.ViewLocationContext viewLocationContext) [0x002b0] in <b19e8b2217d04f0da83734dfcf376ab0>:0
2018-12-27-01-30-39  Error    at System.Dynamic.UpdateDelegates.UpdateAndExecute4[T0,T1,T2,T3,TRet] (System.Runtime.CompilerServices.CallSite site, T0 arg0, T1 arg1, T2 arg2, T3 arg3) [0x00136] in <079d1695f1b940b981a821e75d331759>:0
2018-12-27-01-30-39  Error    at (wrapper delegate-invoke) System.Func`6[System.Runtime.CompilerServices.CallSite,Nancy.ViewEngines.DefaultViewFactory,System.Object,System.Object,Nancy.ViewEngines.ViewLocationContext,System.Object].invoke_TResult_T1_T2_T3_T4_T5(System.Runtime.CompilerServices.CallSite,Nancy.ViewEngines.DefaultViewFactory,object,object,Nancy.ViewEngines.ViewLocationContext)
2018-12-27-01-30-39  Error    at (wrapper dynamic-method) System.Object.CallSite.Target(System.Runtime.CompilerServices.Closure,System.Runtime.CompilerServices.CallSite,Nancy.ViewEngines.DefaultViewFactory,object,object,Nancy.ViewEngines.ViewLocationContext)
2018-12-27-01-30-39  Error    at Nancy.ViewEngines.DefaultViewFactory.RenderView (System.String viewName, System.Object model, Nancy.ViewEngines.ViewLocationContext viewLocationContext) [0x00390] in <b19e8b2217d04f0da83734dfcf376ab0>:0
2018-12-27-01-30-39  Error    at System.Dynamic.UpdateDelegates.UpdateAndExecute4[T0,T1,T2,T3,TRet] (System.Runtime.CompilerServices.CallSite site, T0 arg0, T1 arg1, T2 arg2, T3 arg3) [0x00136] in <079d1695f1b940b981a821e75d331759>:0
2018-12-27-01-30-39  Error    at (wrapper delegate-invoke) System.Func`6[System.Runtime.CompilerServices.CallSite,Nancy.ViewEngines.IViewFactory,System.String,System.Object,Nancy.ViewEngines.ViewLocationContext,System.Object].invoke_TResult_T1_T2_T3_T4_T5(System.Runtime.CompilerServices.CallSite,Nancy.ViewEngines.IViewFactory,string,object,Nancy.ViewEngines.ViewLocationContext)
2018-12-27-01-30-39  Error    at (wrapper dynamic-method) System.Object.CallSite.Target(System.Runtime.CompilerServices.Closure,System.Runtime.CompilerServices.CallSite,Nancy.ViewEngines.IViewFactory,string,object,Nancy.ViewEngines.ViewLocationContext)
2018-12-27-01-30-39  Error    at Nancy.Responses.Negotiation.ViewProcessor.Process (Nancy.Responses.Negotiation.MediaRange requestedMediaRange, System.Object model, Nancy.NancyContext context) [0x0007c] in <b19e8b2217d04f0da83734dfcf376ab0>:0
2018-12-27-01-30-39  Error    at System.Dynamic.UpdateDelegates.UpdateAndExecute4[T0,T1,T2,T3,TRet] (System.Runtime.CompilerServices.CallSite site, T0 arg0, T1 arg1, T2 arg2, T3 arg3) [0x00136] in <079d1695f1b940b981a821e75d331759>:0
2018-12-27-01-30-39  Error    at (wrapper delegate-invoke) System.Func`6[System.Runtime.CompilerServices.CallSite,Nancy.Responses.Negotiation.IResponseProcessor,System.String,System.Object,Nancy.NancyContext,System.Object].invoke_TResult_T1_T2_T3_T4_T5(System.Runtime.CompilerServices.CallSite,Nancy.Responses.Negotiation.IResponseProcessor,string,object,Nancy.NancyContext)
2018-12-27-01-30-39  Error    at (wrapper dynamic-method) System.Object.CallSite.Target(System.Runtime.CompilerServices.Closure,System.Runtime.CompilerServices.CallSite,Nancy.Responses.Negotiation.IResponseProcessor,string,object,Nancy.NancyContext)
2018-12-27-01-30-39  Error    at Nancy.Responses.Negotiation.DefaultResponseNegotiator.NegotiateResponse (System.Collections.Generic.IEnumerable`1[T] compatibleHeaders, Nancy.Responses.Negotiation.NegotiationContext negotiationContext, Nancy.NancyContext context) [0x00122] in <b19e8b2217d04f0da83734dfcf376ab0>:0
2018-12-27-01-30-39  Error    at Nancy.Responses.Negotiation.DefaultResponseNegotiator.CreateResponse (System.Collections.Generic.IList`1[T] compatibleHeaders, Nancy.Responses.Negotiation.NegotiationContext negotiationContext, Nancy.NancyContext context) [0x00000] in <b19e8b2217d04f0da83734dfcf376ab0>:0
2018-12-27-01-30-39  Error    at Nancy.Responses.Negotiation.DefaultResponseNegotiator.NegotiateResponse (System.Object routeResult, Nancy.NancyContext context) [0x00240] in <b19e8b2217d04f0da83734dfcf376ab0>:0
2018-12-27-01-30-39  Error    at Nancy.Routing.DefaultRouteInvoker+<>c__DisplayClass2_0.<Invoke>b__0 (System.Threading.Tasks.Task`1[TResult] completedTask) [0x0018b] in <b19e8b2217d04f0da83734dfcf376ab0>:0
